This is pdfTeX, Version 3.141592653-2.6-1.40.22 (TeX Live 2021) (preloaded format=pdflatex 2021.5.18)  29 MAY 2021 23:08
entering extended mode
 restricted \write18 enabled.
 %&-line parsing enabled.
**template_Beamer.tex
(./template_Beamer.tex
LaTeX2e <2020-10-01> patch level 4
L3 programming layer <2021-02-18>
(/usr/local/texlive/2021/texmf-dist/tex/latex/beamer/beamer.cls
Document Class: beamer 2021/03/19 v3.62 A class for typesetting presentations
(/usr/local/texlive/2021/texmf-dist/tex/latex/beamer/beamerbasemodes.sty
(/usr/local/texlive/2021/texmf-dist/tex/latex/etoolbox/etoolbox.sty
Package: etoolbox 2020/10/05 v2.5k e-TeX tools for LaTeX (JAW)
\etb@tempcnta=\count179
)
\beamer@tempbox=\box47
\beamer@tempcount=\count180
\c@beamerpauses=\count181

(/usr/local/texlive/2021/texmf-dist/tex/latex/beamer/beamerbasedecode.sty
\beamer@slideinframe=\count182
\beamer@minimum=\count183
\beamer@decode@box=\box48
)
\beamer@commentbox=\box49
\beamer@modecount=\count184
)
(/usr/local/texlive/2021/texmf-dist/tex/generic/iftex/ifpdf.sty
Package: ifpdf 2019/10/25 v3.4 ifpdf legacy package. Use iftex instead.

(/usr/local/texlive/2021/texmf-dist/tex/generic/iftex/iftex.sty
Package: iftex 2020/03/06 v1.0d TeX engine tests
))
\headdp=\dimen138
\footheight=\dimen139
\sidebarheight=\dimen140
\beamer@tempdim=\dimen141
\beamer@finalheight=\dimen142
\beamer@animht=\dimen143
\beamer@animdp=\dimen144
\beamer@animwd=\dimen145
\beamer@leftmargin=\dimen146
\beamer@rightmargin=\dimen147
\beamer@leftsidebar=\dimen148
\beamer@rightsidebar=\dimen149
\beamer@boxsize=\dimen150
\beamer@vboxoffset=\dimen151
\beamer@descdefault=\dimen152
\beamer@descriptionwidth=\dimen153
\beamer@lastskip=\skip47
\beamer@areabox=\box50
\beamer@animcurrent=\box51
\beamer@animshowbox=\box52
\beamer@sectionbox=\box53
\beamer@logobox=\box54
\beamer@linebox=\box55
\beamer@sectioncount=\count185
\beamer@subsubsectionmax=\count186
\beamer@subsectionmax=\count187
\beamer@sectionmax=\count188
\beamer@totalheads=\count189
\beamer@headcounter=\count190
\beamer@partstartpage=\count191
\beamer@sectionstartpage=\count192
\beamer@subsectionstartpage=\count193
\beamer@animationtempa=\count194
\beamer@animationtempb=\count195
\beamer@xpos=\count196
\beamer@ypos=\count197
\beamer@ypos@offset=\count198
\beamer@showpartnumber=\count199
\beamer@currentsubsection=\count266
\beamer@coveringdepth=\count267
\beamer@sectionadjust=\count268
\beamer@tocsectionnumber=\count269

(/usr/local/texlive/2021/texmf-dist/tex/latex/beamer/beamerbaseoptions.sty
(/usr/local/texlive/2021/texmf-dist/tex/latex/graphics/keyval.sty
Package: keyval 2014/10/28 v1.15 key=value parser (DPC)
\KV@toks@=\toks15
))
\beamer@paperwidth=\skip48
\beamer@paperheight=\skip49

(/usr/local/texlive/2021/texmf-dist/tex/latex/geometry/geometry.sty
Package: geometry 2020/01/02 v5.9 Page Geometry

(/usr/local/texlive/2021/texmf-dist/tex/generic/iftex/ifvtex.sty
Package: ifvtex 2019/10/25 v1.7 ifvtex legacy package. Use iftex instead.
)
\Gm@cnth=\count270
\Gm@cntv=\count271
\c@Gm@tempcnt=\count272
\Gm@bindingoffset=\dimen154
\Gm@wd@mp=\dimen155
\Gm@odd@mp=\dimen156
\Gm@even@mp=\dimen157
\Gm@layoutwidth=\dimen158
\Gm@layoutheight=\dimen159
\Gm@layouthoffset=\dimen160
\Gm@layoutvoffset=\dimen161
\Gm@dimlist=\toks16
)
(/usr/local/texlive/2021/texmf-dist/tex/latex/base/size11.clo
File: size11.clo 2020/04/10 v1.4m Standard LaTeX file (size option)
)
(/usr/local/texlive/2021/texmf-dist/tex/latex/pgf/basiclayer/pgfcore.sty
(/usr/local/texlive/2021/texmf-dist/tex/latex/graphics/graphicx.sty
Package: graphicx 2020/09/09 v1.2b Enhanced LaTeX Graphics (DPC,SPQR)

(/usr/local/texlive/2021/texmf-dist/tex/latex/graphics/graphics.sty
Package: graphics 2020/08/30 v1.4c Standard LaTeX Graphics (DPC,SPQR)

(/usr/local/texlive/2021/texmf-dist/tex/latex/graphics/trig.sty
Package: trig 2016/01/03 v1.10 sin cos tan (DPC)
)
(/usr/local/texlive/2021/texmf-dist/tex/latex/graphics-cfg/graphics.cfg
File: graphics.cfg 2016/06/04 v1.11 sample graphics configuration
)
Package graphics Info: Driver file: pdftex.def on input line 105.

(/usr/local/texlive/2021/texmf-dist/tex/latex/graphics-def/pdftex.def
File: pdftex.def 2020/10/05 v1.2a Graphics/color driver for pdftex
))
\Gin@req@height=\dimen162
\Gin@req@width=\dimen163
)
(/usr/local/texlive/2021/texmf-dist/tex/latex/pgf/systemlayer/pgfsys.sty
(/usr/local/texlive/2021/texmf-dist/tex/latex/pgf/utilities/pgfrcs.sty
(/usr/local/texlive/2021/texmf-dist/tex/generic/pgf/utilities/pgfutil-common.te
x
\pgfutil@everybye=\toks17
\pgfutil@tempdima=\dimen164
\pgfutil@tempdimb=\dimen165

(/usr/local/texlive/2021/texmf-dist/tex/generic/pgf/utilities/pgfutil-common-li
sts.tex))
(/usr/local/texlive/2021/texmf-dist/tex/generic/pgf/utilities/pgfutil-latex.def
\pgfutil@abb=\box56
) (/usr/local/texlive/2021/texmf-dist/tex/generic/pgf/utilities/pgfrcs.code.tex
(/usr/local/texlive/2021/texmf-dist/tex/generic/pgf/pgf.revision.tex)
Package: pgfrcs 2020/12/27 v3.1.8b (3.1.8b)
))
(/usr/local/texlive/2021/texmf-dist/tex/generic/pgf/systemlayer/pgfsys.code.tex
Package: pgfsys 2020/12/27 v3.1.8b (3.1.8b)
(/usr/local/texlive/2021/texmf-dist/tex/generic/pgf/utilities/pgfkeys.code.tex
\pgfkeys@pathtoks=\toks18
\pgfkeys@temptoks=\toks19

(/usr/local/texlive/2021/texmf-dist/tex/generic/pgf/utilities/pgfkeysfiltered.c
ode.tex
\pgfkeys@tmptoks=\toks20
))
\pgf@x=\dimen166
\pgf@y=\dimen167
\pgf@xa=\dimen168
\pgf@ya=\dimen169
\pgf@xb=\dimen170
\pgf@yb=\dimen171
\pgf@xc=\dimen172
\pgf@yc=\dimen173
\pgf@xd=\dimen174
\pgf@yd=\dimen175
\w@pgf@writea=\write3
\r@pgf@reada=\read2
\c@pgf@counta=\count273
\c@pgf@countb=\count274
\c@pgf@countc=\count275
\c@pgf@countd=\count276
\t@pgf@toka=\toks21
\t@pgf@tokb=\toks22
\t@pgf@tokc=\toks23
\pgf@sys@id@count=\count277

(/usr/local/texlive/2021/texmf-dist/tex/generic/pgf/systemlayer/pgf.cfg
File: pgf.cfg 2020/12/27 v3.1.8b (3.1.8b)
)
Driver file for pgf: pgfsys-pdftex.def

(/usr/local/texlive/2021/texmf-dist/tex/generic/pgf/systemlayer/pgfsys-pdftex.d
ef
File: pgfsys-pdftex.def 2020/12/27 v3.1.8b (3.1.8b)

(/usr/local/texlive/2021/texmf-dist/tex/generic/pgf/systemlayer/pgfsys-common-p
df.def
File: pgfsys-common-pdf.def 2020/12/27 v3.1.8b (3.1.8b)
)))
(/usr/local/texlive/2021/texmf-dist/tex/generic/pgf/systemlayer/pgfsyssoftpath.
code.tex
File: pgfsyssoftpath.code.tex 2020/12/27 v3.1.8b (3.1.8b)
\pgfsyssoftpath@smallbuffer@items=\count278
\pgfsyssoftpath@bigbuffer@items=\count279
)
(/usr/local/texlive/2021/texmf-dist/tex/generic/pgf/systemlayer/pgfsysprotocol.
code.tex
File: pgfsysprotocol.code.tex 2020/12/27 v3.1.8b (3.1.8b)
)) (/usr/local/texlive/2021/texmf-dist/tex/latex/xcolor/xcolor.sty
Package: xcolor 2016/05/11 v2.12 LaTeX color extensions (UK)

(/usr/local/texlive/2021/texmf-dist/tex/latex/graphics-cfg/color.cfg
File: color.cfg 2016/01/02 v1.6 sample color configuration
)
Package xcolor Info: Driver file: pdftex.def on input line 225.
Package xcolor Info: Model `cmy' substituted by `cmy0' on input line 1348.
Package xcolor Info: Model `hsb' substituted by `rgb' on input line 1352.
Package xcolor Info: Model `RGB' extended on input line 1364.
Package xcolor Info: Model `HTML' substituted by `rgb' on input line 1366.
Package xcolor Info: Model `Hsb' substituted by `hsb' on input line 1367.
Package xcolor Info: Model `tHsb' substituted by `hsb' on input line 1368.
Package xcolor Info: Model `HSB' substituted by `hsb' on input line 1369.
Package xcolor Info: Model `Gray' substituted by `gray' on input line 1370.
Package xcolor Info: Model `wave' substituted by `hsb' on input line 1371.
)
(/usr/local/texlive/2021/texmf-dist/tex/generic/pgf/basiclayer/pgfcore.code.tex
Package: pgfcore 2020/12/27 v3.1.8b (3.1.8b)
(/usr/local/texlive/2021/texmf-dist/tex/generic/pgf/math/pgfmath.code.tex
(/usr/local/texlive/2021/texmf-dist/tex/generic/pgf/math/pgfmathcalc.code.tex
(/usr/local/texlive/2021/texmf-dist/tex/generic/pgf/math/pgfmathutil.code.tex)
(/usr/local/texlive/2021/texmf-dist/tex/generic/pgf/math/pgfmathparser.code.tex
\pgfmath@dimen=\dimen176
\pgfmath@count=\count280
\pgfmath@box=\box57
\pgfmath@toks=\toks24
\pgfmath@stack@operand=\toks25
\pgfmath@stack@operation=\toks26
)
(/usr/local/texlive/2021/texmf-dist/tex/generic/pgf/math/pgfmathfunctions.code.
tex
(/usr/local/texlive/2021/texmf-dist/tex/generic/pgf/math/pgfmathfunctions.basic
.code.tex)
(/usr/local/texlive/2021/texmf-dist/tex/generic/pgf/math/pgfmathfunctions.trigo
nometric.code.tex)
(/usr/local/texlive/2021/texmf-dist/tex/generic/pgf/math/pgfmathfunctions.rando
m.code.tex)
(/usr/local/texlive/2021/texmf-dist/tex/generic/pgf/math/pgfmathfunctions.compa
rison.code.tex)
(/usr/local/texlive/2021/texmf-dist/tex/generic/pgf/math/pgfmathfunctions.base.
code.tex)
(/usr/local/texlive/2021/texmf-dist/tex/generic/pgf/math/pgfmathfunctions.round
.code.tex)
(/usr/local/texlive/2021/texmf-dist/tex/generic/pgf/math/pgfmathfunctions.misc.
code.tex)
(/usr/local/texlive/2021/texmf-dist/tex/generic/pgf/math/pgfmathfunctions.integ
erarithmetics.code.tex)))
(/usr/local/texlive/2021/texmf-dist/tex/generic/pgf/math/pgfmathfloat.code.tex
\c@pgfmathroundto@lastzeros=\count281
)) (/usr/local/texlive/2021/texmf-dist/tex/generic/pgf/math/pgfint.code.tex)
(/usr/local/texlive/2021/texmf-dist/tex/generic/pgf/basiclayer/pgfcorepoints.co
de.tex
File: pgfcorepoints.code.tex 2020/12/27 v3.1.8b (3.1.8b)
\pgf@picminx=\dimen177
\pgf@picmaxx=\dimen178
\pgf@picminy=\dimen179
\pgf@picmaxy=\dimen180
\pgf@pathminx=\dimen181
\pgf@pathmaxx=\dimen182
\pgf@pathminy=\dimen183
\pgf@pathmaxy=\dimen184
\pgf@xx=\dimen185
\pgf@xy=\dimen186
\pgf@yx=\dimen187
\pgf@yy=\dimen188
\pgf@zx=\dimen189
\pgf@zy=\dimen190
)
(/usr/local/texlive/2021/texmf-dist/tex/generic/pgf/basiclayer/pgfcorepathconst
ruct.code.tex
File: pgfcorepathconstruct.code.tex 2020/12/27 v3.1.8b (3.1.8b)
\pgf@path@lastx=\dimen191
\pgf@path@lasty=\dimen192
)
(/usr/local/texlive/2021/texmf-dist/tex/generic/pgf/basiclayer/pgfcorepathusage
.code.tex
File: pgfcorepathusage.code.tex 2020/12/27 v3.1.8b (3.1.8b)
\pgf@shorten@end@additional=\dimen193
\pgf@shorten@start@additional=\dimen194
)
(/usr/local/texlive/2021/texmf-dist/tex/generic/pgf/basiclayer/pgfcorescopes.co
de.tex
File: pgfcorescopes.code.tex 2020/12/27 v3.1.8b (3.1.8b)
\pgfpic=\box58
\pgf@hbox=\box59
\pgf@layerbox@main=\box60
\pgf@picture@serial@count=\count282
)
(/usr/local/texlive/2021/texmf-dist/tex/generic/pgf/basiclayer/pgfcoregraphicst
ate.code.tex
File: pgfcoregraphicstate.code.tex 2020/12/27 v3.1.8b (3.1.8b)
\pgflinewidth=\dimen195
)
(/usr/local/texlive/2021/texmf-dist/tex/generic/pgf/basiclayer/pgfcoretransform
ations.code.tex
File: pgfcoretransformations.code.tex 2020/12/27 v3.1.8b (3.1.8b)
\pgf@pt@x=\dimen196
\pgf@pt@y=\dimen197
\pgf@pt@temp=\dimen198
)
(/usr/local/texlive/2021/texmf-dist/tex/generic/pgf/basiclayer/pgfcorequick.cod
e.tex
File: pgfcorequick.code.tex 2020/12/27 v3.1.8b (3.1.8b)
)
(/usr/local/texlive/2021/texmf-dist/tex/generic/pgf/basiclayer/pgfcoreobjects.c
ode.tex
File: pgfcoreobjects.code.tex 2020/12/27 v3.1.8b (3.1.8b)
)
(/usr/local/texlive/2021/texmf-dist/tex/generic/pgf/basiclayer/pgfcorepathproce
ssing.code.tex
File: pgfcorepathprocessing.code.tex 2020/12/27 v3.1.8b (3.1.8b)
)
(/usr/local/texlive/2021/texmf-dist/tex/generic/pgf/basiclayer/pgfcorearrows.co
de.tex
File: pgfcorearrows.code.tex 2020/12/27 v3.1.8b (3.1.8b)
\pgfarrowsep=\dimen199
)
(/usr/local/texlive/2021/texmf-dist/tex/generic/pgf/basiclayer/pgfcoreshade.cod
e.tex
File: pgfcoreshade.code.tex 2020/12/27 v3.1.8b (3.1.8b)
\pgf@max=\dimen256
\pgf@sys@shading@range@num=\count283
\pgf@shadingcount=\count284
)
(/usr/local/texlive/2021/texmf-dist/tex/generic/pgf/basiclayer/pgfcoreimage.cod
e.tex
File: pgfcoreimage.code.tex 2020/12/27 v3.1.8b (3.1.8b)

(/usr/local/texlive/2021/texmf-dist/tex/generic/pgf/basiclayer/pgfcoreexternal.
code.tex
File: pgfcoreexternal.code.tex 2020/12/27 v3.1.8b (3.1.8b)
\pgfexternal@startupbox=\box61
))
(/usr/local/texlive/2021/texmf-dist/tex/generic/pgf/basiclayer/pgfcorelayers.co
de.tex
File: pgfcorelayers.code.tex 2020/12/27 v3.1.8b (3.1.8b)
)
(/usr/local/texlive/2021/texmf-dist/tex/generic/pgf/basiclayer/pgfcoretranspare
ncy.code.tex
File: pgfcoretransparency.code.tex 2020/12/27 v3.1.8b (3.1.8b)
)
(/usr/local/texlive/2021/texmf-dist/tex/generic/pgf/basiclayer/pgfcorepatterns.
code.tex
File: pgfcorepatterns.code.tex 2020/12/27 v3.1.8b (3.1.8b)
)
(/usr/local/texlive/2021/texmf-dist/tex/generic/pgf/basiclayer/pgfcorerdf.code.
tex
File: pgfcorerdf.code.tex 2020/12/27 v3.1.8b (3.1.8b)
))) (/usr/local/texlive/2021/texmf-dist/tex/latex/pgf/utilities/xxcolor.sty
Package: xxcolor 2003/10/24 ver 0.1
\XC@nummixins=\count285
\XC@countmixins=\count286
) (/usr/local/texlive/2021/texmf-dist/tex/latex/base/atbegshi-ltx.sty
Package: atbegshi-ltx 2020/08/17 v1.0a Emulation of the original atbegshi packa
ge
with kernel methods
)
(/usr/local/texlive/2021/texmf-dist/tex/latex/hyperref/hyperref.sty
Package: hyperref 2021-02-27 v7.00k Hypertext links for LaTeX

(/usr/local/texlive/2021/texmf-dist/tex/generic/ltxcmds/ltxcmds.sty
Package: ltxcmds 2020-05-10 v1.25 LaTeX kernel commands for general use (HO)
)
(/usr/local/texlive/2021/texmf-dist/tex/generic/pdftexcmds/pdftexcmds.sty
Package: pdftexcmds 2020-06-27 v0.33 Utility functions of pdfTeX for LuaTeX (HO
)

(/usr/local/texlive/2021/texmf-dist/tex/generic/infwarerr/infwarerr.sty
Package: infwarerr 2019/12/03 v1.5 Providing info/warning/error messages (HO)
)
Package pdftexcmds Info: \pdf@primitive is available.
Package pdftexcmds Info: \pdf@ifprimitive is available.
Package pdftexcmds Info: \pdfdraftmode found.
)
(/usr/local/texlive/2021/texmf-dist/tex/generic/kvsetkeys/kvsetkeys.sty
Package: kvsetkeys 2019/12/15 v1.18 Key value parser (HO)
)
(/usr/local/texlive/2021/texmf-dist/tex/generic/kvdefinekeys/kvdefinekeys.sty
Package: kvdefinekeys 2019-12-19 v1.6 Define keys (HO)
)
(/usr/local/texlive/2021/texmf-dist/tex/generic/pdfescape/pdfescape.sty
Package: pdfescape 2019/12/09 v1.15 Implements pdfTeX's escape features (HO)
)
(/usr/local/texlive/2021/texmf-dist/tex/latex/hycolor/hycolor.sty
Package: hycolor 2020-01-27 v1.10 Color options for hyperref/bookmark (HO)
)
(/usr/local/texlive/2021/texmf-dist/tex/latex/letltxmacro/letltxmacro.sty
Package: letltxmacro 2019/12/03 v1.6 Let assignment for LaTeX macros (HO)
)
(/usr/local/texlive/2021/texmf-dist/tex/latex/auxhook/auxhook.sty
Package: auxhook 2019-12-17 v1.6 Hooks for auxiliary files (HO)
)
(/usr/local/texlive/2021/texmf-dist/tex/latex/kvoptions/kvoptions.sty
Package: kvoptions 2020-10-07 v3.14 Key value format for package options (HO)
)
\@linkdim=\dimen257
\Hy@linkcounter=\count287
\Hy@pagecounter=\count288

(/usr/local/texlive/2021/texmf-dist/tex/latex/hyperref/pd1enc.def
File: pd1enc.def 2021-02-27 v7.00k Hyperref: PDFDocEncoding definition (HO)
Now handling font encoding PD1 ...
... no UTF-8 mapping file for font encoding PD1
)
(/usr/local/texlive/2021/texmf-dist/tex/latex/hyperref/hyperref-langpatches.def
File: hyperref-langpatches.def 2021-02-27 v7.00k Hyperref: patches for babel la
nguages
) (/usr/local/texlive/2021/texmf-dist/tex/generic/intcalc/intcalc.sty
Package: intcalc 2019/12/15 v1.3 Expandable calculations with integers (HO)
)
(/usr/local/texlive/2021/texmf-dist/tex/generic/etexcmds/etexcmds.sty
Package: etexcmds 2019/12/15 v1.7 Avoid name clashes with e-TeX commands (HO)
)
\Hy@SavedSpaceFactor=\count289

(/usr/local/texlive/2021/texmf-dist/tex/latex/hyperref/puenc.def
File: puenc.def 2021-02-27 v7.00k Hyperref: PDF Unicode definition (HO)
Now handling font encoding PU ...
... no UTF-8 mapping file for font encoding PU
)
Package hyperref Info: Option `bookmarks' set `true' on input line 4073.
Package hyperref Info: Option `bookmarksopen' set `true' on input line 4073.
Package hyperref Info: Option `implicit' set `false' on input line 4073.
Package hyperref Info: Hyper figures OFF on input line 4192.
Package hyperref Info: Link nesting OFF on input line 4197.
Package hyperref Info: Hyper index ON on input line 4200.
Package hyperref Info: Plain pages OFF on input line 4207.
Package hyperref Info: Backreferencing OFF on input line 4212.
Package hyperref Info: Implicit mode OFF; no redefinition of LaTeX internals.
Package hyperref Info: Bookmarks ON on input line 4445.
\c@Hy@tempcnt=\count290

(/usr/local/texlive/2021/texmf-dist/tex/latex/url/url.sty
\Urlmuskip=\muskip16
Package: url 2013/09/16  ver 3.4  Verb mode for urls, etc.
)
LaTeX Info: Redefining \url on input line 4804.
\XeTeXLinkMargin=\dimen258

(/usr/local/texlive/2021/texmf-dist/tex/generic/bitset/bitset.sty
Package: bitset 2019/12/09 v1.3 Handle bit-vector datatype (HO)

(/usr/local/texlive/2021/texmf-dist/tex/generic/bigintcalc/bigintcalc.sty
Package: bigintcalc 2019/12/15 v1.5 Expandable calculations on big integers (HO
)
))
\Fld@menulength=\count291
\Field@Width=\dimen259
\Fld@charsize=\dimen260
Package hyperref Info: Hyper figures OFF on input line 6075.
Package hyperref Info: Link nesting OFF on input line 6080.
Package hyperref Info: Hyper index ON on input line 6083.
Package hyperref Info: backreferencing OFF on input line 6090.
Package hyperref Info: Link coloring OFF on input line 6095.
Package hyperref Info: Link coloring with OCG OFF on input line 6100.
Package hyperref Info: PDF/A mode OFF on input line 6105.
LaTeX Info: Redefining \ref on input line 6145.
LaTeX Info: Redefining \pageref on input line 6149.
\Hy@abspage=\count292


Package hyperref Message: Stopped early.

)
Package hyperref Info: Driver (autodetected): hpdftex.
 (/usr/local/texlive/2021/texmf-dist/tex/latex/hyperref/hpdftex.def
File: hpdftex.def 2021-02-27 v7.00k Hyperref driver for pdfTeX

(/usr/local/texlive/2021/texmf-dist/tex/latex/base/atveryend-ltx.sty
Package: atveryend-ltx 2020/08/19 v1.0a Emulation of the original atvery packag
e
with kernel methods
)
\Fld@listcount=\count293
\c@bookmark@seq@number=\count294

(/usr/local/texlive/2021/texmf-dist/tex/latex/rerunfilecheck/rerunfilecheck.sty
Package: rerunfilecheck 2019/12/05 v1.9 Rerun checks for auxiliary files (HO)

(/usr/local/texlive/2021/texmf-dist/tex/generic/uniquecounter/uniquecounter.sty
Package: uniquecounter 2019/12/15 v1.4 Provide unlimited unique counter (HO)
)
Package uniquecounter Info: New unique counter `rerunfilecheck' on input line 2
86.
)) (/usr/local/texlive/2021/texmf-dist/tex/latex/beamer/beamerbaserequires.sty
(/usr/local/texlive/2021/texmf-dist/tex/latex/beamer/beamerbasecompatibility.st
y) (/usr/local/texlive/2021/texmf-dist/tex/latex/beamer/beamerbasefont.sty
(/usr/local/texlive/2021/texmf-dist/tex/latex/amsfonts/amssymb.sty
Package: amssymb 2013/01/14 v3.01 AMS font symbols

(/usr/local/texlive/2021/texmf-dist/tex/latex/amsfonts/amsfonts.sty
Package: amsfonts 2013/01/14 v3.01 Basic AMSFonts support
\@emptytoks=\toks27
\symAMSa=\mathgroup4
\symAMSb=\mathgroup5
LaTeX Font Info:    Redeclaring math symbol \hbar on input line 98.
LaTeX Font Info:    Overwriting math alphabet `\mathfrak' in version `bold'
(Font)                  U/euf/m/n --> U/euf/b/n on input line 106.
))
(/usr/local/texlive/2021/texmf-dist/tex/latex/sansmathaccent/sansmathaccent.sty
Package: sansmathaccent 2020/01/31
(/usr/local/texlive/2021/texmf-dist/tex/latex/koma-script/scrlfile.sty
Package: scrlfile 2021/03/17 v3.33 KOMA-Script package (file load hooks)

(/usr/local/texlive/2021/texmf-dist/tex/latex/koma-script/scrlfile-hook.sty
Package: scrlfile-hook 2021/03/17 v3.33 KOMA-Script package (using LaTeX hooks)


LaTeX3 Info: Defining command \BeforeFile with sig. 'm' on line 61.


LaTeX3 Info: Defining command \AfterFile with sig. 'm' on line 65.


LaTeX3 Info: Defining command \BeforeClass with sig. 'm' on line 69.


LaTeX3 Info: Defining command \BeforePackage with sig. 'm' on line 73.


LaTeX3 Info: Defining command \AfterAtEndOfClass with sig. 'smo+m' on line 83.


LaTeX3 Info: Defining command \AfterAtEndOfPackage with sig. 'smo+m' on line
(LaTeX3)     93.


LaTeX3 Info: Defining command \scrlfile@AfterClass with sig. 'smo+m' on line
(LaTeX3)     173.


LaTeX3 Info: Defining command \AfterClass with sig. '' on line 174.


LaTeX3 Info: Defining command \scrlfile@AfterPackage with sig. 'smo+m' on line
(LaTeX3)     191.


LaTeX3 Info: Defining command \AfterPackage with sig. '' on line 192.


LaTeX3 Info: Defining command \ReplaceInput with sig. '' on line 193.


LaTeX3 Info: Defining command \ReplaceClass with sig. 'mm' on line 196.


LaTeX3 Info: Defining command \ReplacePackage with sig. 'mm' on line 199.


LaTeX3 Info: Defining command \UnReplaceInput with sig. '' on line 200.


LaTeX3 Info: Defining command \UnReplaceClass with sig. 'm' on line 203.


LaTeX3 Info: Defining command \UnReplacePackage with sig. 'mm' on line 206.


LaTeX3 Info: Defining command \PreventPackageFromLoading with sig. 's+om' on
(LaTeX3)     line 234.


LaTeX3 Info: Defining command \StorePreventPackageFromLoading with sig. 'm' on
(LaTeX3)     line 242.


LaTeX3 Info: Defining command \ResetPreventPackageFromLoading with sig. '' on
(LaTeX3)     line 247.


LaTeX3 Info: Defining command \UnPreventPackageFromLoading with sig. 'sm' on
(LaTeX3)     line 261.


LaTeX3 Info: Defining command \BeforeClosingMainAux with sig. 'om' on line
(LaTeX3)     274.


LaTeX3 Info: Defining command \AfterReadingMainAux with sig. 'om' on line 287.


LaTeX3 Info: Defining command \protected@immediate@write with sig. 'm+m+m' on
(LaTeX3)     line 298.


(/usr/local/texlive/2021/texmf-dist/tex/latex/koma-script/scrlogo.sty
Package: scrlogo 2021/03/17 v3.33 KOMA-Script package (logo)
)))))
(/usr/local/texlive/2021/texmf-dist/tex/latex/beamer/beamerbasetranslator.sty
(/usr/local/texlive/2021/texmf-dist/tex/latex/translator/translator.sty
Package: translator 2020-08-03 v1.12c Easy translation of strings in LaTeX
))
(/usr/local/texlive/2021/texmf-dist/tex/latex/beamer/beamerbasemisc.sty)
(/usr/local/texlive/2021/texmf-dist/tex/latex/beamer/beamerbasetwoscreens.sty)
(/usr/local/texlive/2021/texmf-dist/tex/latex/beamer/beamerbaseoverlay.sty
\beamer@argscount=\count295
\beamer@lastskipcover=\skip50
\beamer@trivlistdepth=\count296
)
(/usr/local/texlive/2021/texmf-dist/tex/latex/beamer/beamerbasetitle.sty)
(/usr/local/texlive/2021/texmf-dist/tex/latex/beamer/beamerbasesection.sty
\c@lecture=\count297
\c@part=\count298
\c@section=\count299
\c@subsection=\count300
\c@subsubsection=\count301
)
(/usr/local/texlive/2021/texmf-dist/tex/latex/beamer/beamerbaseframe.sty
\beamer@framebox=\box62
\beamer@frametitlebox=\box63
\beamer@zoombox=\box64
\beamer@zoomcount=\count302
\beamer@zoomframecount=\count303
\beamer@frametextheight=\dimen261
\c@subsectionslide=\count304
\beamer@frametopskip=\skip51
\beamer@framebottomskip=\skip52
\beamer@frametopskipautobreak=\skip53
\beamer@framebottomskipautobreak=\skip54
\beamer@envbody=\toks28
\framewidth=\dimen262
\c@framenumber=\count305
)
(/usr/local/texlive/2021/texmf-dist/tex/latex/beamer/beamerbaseverbatim.sty
\beamer@verbatimfileout=\write4
)
(/usr/local/texlive/2021/texmf-dist/tex/latex/beamer/beamerbaseframesize.sty
\beamer@splitbox=\box65
\beamer@autobreakcount=\count306
\beamer@autobreaklastheight=\dimen263
\beamer@frametitletoks=\toks29
\beamer@framesubtitletoks=\toks30
)
(/usr/local/texlive/2021/texmf-dist/tex/latex/beamer/beamerbaseframecomponents.
sty
\beamer@footins=\box66
) (/usr/local/texlive/2021/texmf-dist/tex/latex/beamer/beamerbasecolor.sty)
(/usr/local/texlive/2021/texmf-dist/tex/latex/beamer/beamerbasenotes.sty
\beamer@frameboxcopy=\box67
)
(/usr/local/texlive/2021/texmf-dist/tex/latex/beamer/beamerbasetoc.sty)
(/usr/local/texlive/2021/texmf-dist/tex/latex/beamer/beamerbasetemplates.sty
\beamer@sbttoks=\toks31

(/usr/local/texlive/2021/texmf-dist/tex/latex/beamer/beamerbaseauxtemplates.sty
(/usr/local/texlive/2021/texmf-dist/tex/latex/beamer/beamerbaseboxes.sty
\bmb@box=\box68
\bmb@colorbox=\box69
\bmb@boxwidth=\dimen264
\bmb@boxheight=\dimen265
\bmb@prevheight=\dimen266
\bmb@temp=\dimen267
\bmb@dima=\dimen268
\bmb@dimb=\dimen269
\bmb@prevheight=\dimen270
)
\beamer@blockheadheight=\dimen271
))
(/usr/local/texlive/2021/texmf-dist/tex/latex/beamer/beamerbaselocalstructure.s
ty (/usr/local/texlive/2021/texmf-dist/tex/latex/tools/enumerate.sty
Package: enumerate 2015/07/23 v3.00 enumerate extensions (DPC)
\@enLab=\toks32
)
\beamer@bibiconwidth=\skip55
\c@figure=\count307
\c@table=\count308
\abovecaptionskip=\skip56
\belowcaptionskip=\skip57
)
(/usr/local/texlive/2021/texmf-dist/tex/latex/beamer/beamerbasenavigation.sty
\beamer@section@min@dim=\dimen272
)
(/usr/local/texlive/2021/texmf-dist/tex/latex/beamer/beamerbasetheorems.sty
(/usr/local/texlive/2021/texmf-dist/tex/latex/amsmath/amsmath.sty
Package: amsmath 2020/09/23 v2.17i AMS math features
\@mathmargin=\skip58

For additional information on amsmath, use the `?' option.
(/usr/local/texlive/2021/texmf-dist/tex/latex/amsmath/amstext.sty
Package: amstext 2000/06/29 v2.01 AMS text

(/usr/local/texlive/2021/texmf-dist/tex/latex/amsmath/amsgen.sty
File: amsgen.sty 1999/11/30 v2.0 generic functions
\@emptytoks=\toks33
\ex@=\dimen273
))
(/usr/local/texlive/2021/texmf-dist/tex/latex/amsmath/amsbsy.sty
Package: amsbsy 1999/11/29 v1.2d Bold Symbols
\pmbraise@=\dimen274
)
(/usr/local/texlive/2021/texmf-dist/tex/latex/amsmath/amsopn.sty
Package: amsopn 2016/03/08 v2.02 operator names
)
\inf@bad=\count309
LaTeX Info: Redefining \frac on input line 234.
\uproot@=\count310
\leftroot@=\count311
LaTeX Info: Redefining \overline on input line 399.
\classnum@=\count312
\DOTSCASE@=\count313
LaTeX Info: Redefining \ldots on input line 496.
LaTeX Info: Redefining \dots on input line 499.
LaTeX Info: Redefining \cdots on input line 620.
\Mathstrutbox@=\box70
\strutbox@=\box71
\big@size=\dimen275
LaTeX Font Info:    Redeclaring font encoding OML on input line 743.
LaTeX Font Info:    Redeclaring font encoding OMS on input line 744.
\macc@depth=\count314
\c@MaxMatrixCols=\count315
\dotsspace@=\muskip17
\c@parentequation=\count316
\dspbrk@lvl=\count317
\tag@help=\toks34
\row@=\count318
\column@=\count319
\maxfields@=\count320
\andhelp@=\toks35
\eqnshift@=\dimen276
\alignsep@=\dimen277
\tagshift@=\dimen278
\tagwidth@=\dimen279
\totwidth@=\dimen280
\lineht@=\dimen281
\@envbody=\toks36
\multlinegap=\skip59
\multlinetaggap=\skip60
\mathdisplay@stack=\toks37
LaTeX Info: Redefining \[ on input line 2923.
LaTeX Info: Redefining \] on input line 2924.
)
(/usr/local/texlive/2021/texmf-dist/tex/latex/amscls/amsthm.sty
Package: amsthm 2020/05/29 v2.20.6
\thm@style=\toks38
\thm@bodyfont=\toks39
\thm@headfont=\toks40
\thm@notefont=\toks41
\thm@headpunct=\toks42
\thm@preskip=\skip61
\thm@postskip=\skip62
\thm@headsep=\skip63
\dth@everypar=\toks43
)
\c@theorem=\count321
)
(/usr/local/texlive/2021/texmf-dist/tex/latex/beamer/beamerbasethemes.sty))
(/usr/local/texlive/2021/texmf-dist/tex/latex/beamer/beamerthemedefault.sty
(/usr/local/texlive/2021/texmf-dist/tex/latex/beamer/beamerfontthemedefault.sty
)
(/usr/local/texlive/2021/texmf-dist/tex/latex/beamer/beamercolorthemedefault.st
y)
(/usr/local/texlive/2021/texmf-dist/tex/latex/beamer/beamerinnerthemedefault.st
y
\beamer@dima=\dimen282
\beamer@dimb=\dimen283
)
(/usr/local/texlive/2021/texmf-dist/tex/latex/beamer/beamerouterthemedefault.st
y)))
(/usr/local/texlive/2021/texmf-dist/tex/latex/l3backend/l3backend-pdftex.def
File: l3backend-pdftex.def 2021-03-18 L3 backend support: PDF output (pdfTeX)
\l__color_backend_stack_int=\count322
\l__pdf_internal_box=\box72
)
(./template_Beamer.aux)
\openout1 = `template_Beamer.aux'.

LaTeX Font Info:    Checking defaults for OML/cmm/m/it on input line 6.
LaTeX Font Info:    ... okay on input line 6.
LaTeX Font Info:    Checking defaults for OMS/cmsy/m/n on input line 6.
LaTeX Font Info:    ... okay on input line 6.
LaTeX Font Info:    Checking defaults for OT1/cmr/m/n on input line 6.
LaTeX Font Info:    ... okay on input line 6.
LaTeX Font Info:    Checking defaults for T1/cmr/m/n on input line 6.
LaTeX Font Info:    ... okay on input line 6.
LaTeX Font Info:    Checking defaults for TS1/cmr/m/n on input line 6.
LaTeX Font Info:    ... okay on input line 6.
LaTeX Font Info:    Checking defaults for OMX/cmex/m/n on input line 6.
LaTeX Font Info:    ... okay on input line 6.
LaTeX Font Info:    Checking defaults for U/cmr/m/n on input line 6.
LaTeX Font Info:    ... okay on input line 6.
LaTeX Font Info:    Checking defaults for PD1/pdf/m/n on input line 6.
LaTeX Font Info:    ... okay on input line 6.
LaTeX Font Info:    Checking defaults for PU/pdf/m/n on input line 6.
LaTeX Font Info:    ... okay on input line 6.

*geometry* driver: auto-detecting
*geometry* detected driver: pdftex
*geometry* verbose mode - [ preamble ] result:
* driver: pdftex
* paper: custom
* layout: <same size as paper>
* layoutoffset:(h,v)=(0.0pt,0.0pt)
* modes: includehead includefoot 
* h-part:(L,W,R)=(28.45274pt, 307.28987pt, 28.45274pt)
* v-part:(T,H,B)=(0.0pt, 273.14662pt, 0.0pt)
* \paperwidth=364.19536pt
* \paperheight=273.14662pt
* \textwidth=307.28987pt
* \textheight=244.6939pt
* \oddsidemargin=-43.81725pt
* \evensidemargin=-43.81725pt
* \topmargin=-72.26999pt
* \headheight=14.22636pt
* \headsep=0.0pt
* \topskip=11.0pt
* \footskip=14.22636pt
* \marginparwidth=4.0pt
* \marginparsep=10.0pt
* \columnsep=10.0pt
* \skip\footins=10.0pt plus 4.0pt minus 2.0pt
* \hoffset=0.0pt
* \voffset=0.0pt
* \mag=1000
* \@twocolumnfalse
* \@twosidefalse
* \@mparswitchfalse
* \@reversemarginfalse
* (1in=72.27pt=25.4mm, 1cm=28.453pt)

(/usr/local/texlive/2021/texmf-dist/tex/context/base/mkii/supp-pdf.mkii
[Loading MPS to PDF converter (version 2006.09.02).]
\scratchcounter=\count323
\scratchdimen=\dimen284
\scratchbox=\box73
\nofMPsegments=\count324
\nofMParguments=\count325
\everyMPshowfont=\toks44
\MPscratchCnt=\count326
\MPscratchDim=\dimen285
\MPnumerator=\count327
\makeMPintoPDFobject=\count328
\everyMPtoPDFconversion=\toks45
) (/usr/local/texlive/2021/texmf-dist/tex/latex/epstopdf-pkg/epstopdf-base.sty
Package: epstopdf-base 2020-01-24 v2.11 Base part for package epstopdf
Package epstopdf-base Info: Redefining graphics rule for `.eps' on input line 4
85.

(/usr/local/texlive/2021/texmf-dist/tex/latex/latexconfig/epstopdf-sys.cfg
File: epstopdf-sys.cfg 2010/07/13 v1.3 Configuration of (r)epstopdf for TeX Liv
e
))
Package hyperref Info: Link coloring OFF on input line 6.

(/usr/local/texlive/2021/texmf-dist/tex/latex/hyperref/nameref.sty
Package: nameref 2021-04-02 v2.47 Cross-referencing by name of section

(/usr/local/texlive/2021/texmf-dist/tex/latex/refcount/refcount.sty
Package: refcount 2019/12/15 v3.6 Data extraction from label references (HO)
)
(/usr/local/texlive/2021/texmf-dist/tex/generic/gettitlestring/gettitlestring.s
ty
Package: gettitlestring 2019/12/15 v1.6 Cleanup title references (HO)
)
\c@section@level=\count329
)
LaTeX Info: Redefining \ref on input line 6.
LaTeX Info: Redefining \pageref on input line 6.
LaTeX Info: Redefining \nameref on input line 6.
 (./template_Beamer.out) (./template_Beamer.out)
\@outlinefile=\write5
\openout5 = `template_Beamer.out'.

LaTeX Font Info:    Overwriting symbol font `operators' in version `normal'
(Font)                  OT1/cmr/m/n --> OT1/cmss/m/n on input line 6.
LaTeX Font Info:    Overwriting symbol font `operators' in version `bold'
(Font)                  OT1/cmr/bx/n --> OT1/cmss/b/n on input line 6.
\symnumbers=\mathgroup6
\sympureletters=\mathgroup7
LaTeX Font Info:    Overwriting math alphabet `\mathrm' in version `normal'
(Font)                  OT1/cmss/m/n --> OT1/cmr/m/n on input line 6.
LaTeX Font Info:    Redeclaring math alphabet \mathbf on input line 6.
LaTeX Font Info:    Overwriting math alphabet `\mathbf' in version `normal'
(Font)                  OT1/cmr/bx/n --> OT1/cmss/b/n on input line 6.
LaTeX Font Info:    Overwriting math alphabet `\mathbf' in version `bold'
(Font)                  OT1/cmr/bx/n --> OT1/cmss/b/n on input line 6.
LaTeX Font Info:    Redeclaring math alphabet \mathsf on input line 6.
LaTeX Font Info:    Overwriting math alphabet `\mathsf' in version `normal'
(Font)                  OT1/cmss/m/n --> OT1/cmss/m/n on input line 6.
LaTeX Font Info:    Overwriting math alphabet `\mathsf' in version `bold'
(Font)                  OT1/cmss/bx/n --> OT1/cmss/m/n on input line 6.
LaTeX Font Info:    Redeclaring math alphabet \mathit on input line 6.
LaTeX Font Info:    Overwriting math alphabet `\mathit' in version `normal'
(Font)                  OT1/cmr/m/it --> OT1/cmss/m/it on input line 6.
LaTeX Font Info:    Overwriting math alphabet `\mathit' in version `bold'
(Font)                  OT1/cmr/bx/it --> OT1/cmss/m/it on input line 6.
LaTeX Font Info:    Redeclaring math alphabet \mathtt on input line 6.
LaTeX Font Info:    Overwriting math alphabet `\mathtt' in version `normal'
(Font)                  OT1/cmtt/m/n --> OT1/cmtt/m/n on input line 6.
LaTeX Font Info:    Overwriting math alphabet `\mathtt' in version `bold'
(Font)                  OT1/cmtt/m/n --> OT1/cmtt/m/n on input line 6.
LaTeX Font Info:    Overwriting symbol font `numbers' in version `bold'
(Font)                  OT1/cmss/m/n --> OT1/cmss/b/n on input line 6.
LaTeX Font Info:    Overwriting symbol font `pureletters' in version `bold'
(Font)                  OT1/cmss/m/it --> OT1/cmss/b/it on input line 6.
LaTeX Font Info:    Overwriting math alphabet `\mathrm' in version `bold'
(Font)                  OT1/cmss/b/n --> OT1/cmr/b/n on input line 6.
LaTeX Font Info:    Overwriting math alphabet `\mathbf' in version `bold'
(Font)                  OT1/cmss/b/n --> OT1/cmss/b/n on input line 6.
LaTeX Font Info:    Overwriting math alphabet `\mathsf' in version `bold'
(Font)                  OT1/cmss/m/n --> OT1/cmss/b/n on input line 6.
LaTeX Font Info:    Overwriting math alphabet `\mathit' in version `bold'
(Font)                  OT1/cmss/m/it --> OT1/cmss/b/it on input line 6.
LaTeX Font Info:    Overwriting math alphabet `\mathtt' in version `bold'
(Font)                  OT1/cmtt/m/n --> OT1/cmtt/b/n on input line 6.
LaTeX Font Info:    Redeclaring symbol font `pureletters' on input line 6.
LaTeX Font Info:    Overwriting symbol font `pureletters' in version `normal'
(Font)                  OT1/cmss/m/it --> OT1/mathkerncmss/m/sl on input line 6
.
LaTeX Font Info:    Overwriting symbol font `pureletters' in version `bold'
(Font)                  OT1/cmss/b/it --> OT1/mathkerncmss/m/sl on input line 6
.
LaTeX Font Info:    Overwriting symbol font `pureletters' in version `bold'
(Font)                  OT1/mathkerncmss/m/sl --> OT1/mathkerncmss/bx/sl on inp
ut line 6.

(/usr/local/texlive/2021/texmf-dist/tex/latex/translator/translator-basic-dicti
onary-English.dict
Dictionary: translator-basic-dictionary, Language: English 
)
(/usr/local/texlive/2021/texmf-dist/tex/latex/translator/translator-bibliograph
y-dictionary-English.dict
Dictionary: translator-bibliography-dictionary, Language: English 
)
(/usr/local/texlive/2021/texmf-dist/tex/latex/translator/translator-environment
-dictionary-English.dict
Dictionary: translator-environment-dictionary, Language: English 
)
(/usr/local/texlive/2021/texmf-dist/tex/latex/translator/translator-months-dict
ionary-English.dict
Dictionary: translator-months-dictionary, Language: English 
)
(/usr/local/texlive/2021/texmf-dist/tex/latex/translator/translator-numbers-dic
tionary-English.dict
Dictionary: translator-numbers-dictionary, Language: English 
)
(/usr/local/texlive/2021/texmf-dist/tex/latex/translator/translator-theorem-dic
tionary-English.dict
Dictionary: translator-theorem-dictionary, Language: English 
) (./template_Beamer.nav) [1

{/usr/local/texlive/2021/texmf-var/fonts/map/pdftex/updmap/pdftex.map}]
</Users/rudiks/Desktop/AVR - penúltima/Screen Shot 2021-05-29 at 21.04.10.png
, id=43, 1366.10374pt x 1011.78pt>
File: /Users/rudiks/Desktop/AVR - penúltima/Screen Shot 2021-05-29 at 21.04.1
0.png Graphic file (type png)
<use /Users/rudiks/Desktop/AVR - penúltima/Screen Shot 2021-05-29 at 21.04.10
.png>
Package pdftex.def Info: /Users/rudiks/Desktop/AVR - penúltima/Screen Shot 20
21-05-29 at 21.04.10.png  used on input line 15.
(pdftex.def)             Requested size: 364.19536pt x 269.72603pt.
 [2

 </Users/rudiks/Desktop/AVR - penúltima/Screen Shot 2021-05-29 at 21.04.10.pn
g>]
</Users/rudiks/Desktop/AVR - penúltima/Screen Shot 2021-05-29 at 21.04.32.png
, id=71, 1366.10374pt x 1011.78pt>
File: /Users/rudiks/Desktop/AVR - penúltima/Screen Shot 2021-05-29 at 21.04.3
2.png Graphic file (type png)
<use /Users/rudiks/Desktop/AVR - penúltima/Screen Shot 2021-05-29 at 21.04.32
.png>
Package pdftex.def Info: /Users/rudiks/Desktop/AVR - penúltima/Screen Shot 20
21-05-29 at 21.04.32.png  used on input line 16.
(pdftex.def)             Requested size: 364.19536pt x 269.72603pt.
 [3

 </Users/rudiks/Desktop/AVR - penúltima/Screen Shot 2021-05-29 at 21.04.32.pn
g>]
</Users/rudiks/Desktop/AVR - penúltima/Screen Shot 2021-05-29 at 21.04.57.png
, id=98, 1366.10374pt x 1011.78pt>
File: /Users/rudiks/Desktop/AVR - penúltima/Screen Shot 2021-05-29 at 21.04.5
7.png Graphic file (type png)
<use /Users/rudiks/Desktop/AVR - penúltima/Screen Shot 2021-05-29 at 21.04.57
.png>
Package pdftex.def Info: /Users/rudiks/Desktop/AVR - penúltima/Screen Shot 20
21-05-29 at 21.04.57.png  used on input line 17.
(pdftex.def)             Requested size: 364.19536pt x 269.72603pt.
 [4

 </Users/rudiks/Desktop/AVR - penúltima/Screen Shot 2021-05-29 at 21.04.57.pn
g>]
</Users/rudiks/Desktop/AVR - penúltima/Screen Shot 2021-05-29 at 21.05.31.png
, id=125, 1366.10374pt x 1011.78pt>
File: /Users/rudiks/Desktop/AVR - penúltima/Screen Shot 2021-05-29 at 21.05.3
1.png Graphic file (type png)
<use /Users/rudiks/Desktop/AVR - penúltima/Screen Shot 2021-05-29 at 21.05.31
.png>
Package pdftex.def Info: /Users/rudiks/Desktop/AVR - penúltima/Screen Shot 20
21-05-29 at 21.05.31.png  used on input line 18.
(pdftex.def)             Requested size: 364.19536pt x 269.72603pt.
 [5

 </Users/rudiks/Desktop/AVR - penúltima/Screen Shot 2021-05-29 at 21.05.31.pn
g>]
</Users/rudiks/Desktop/AVR - penúltima/Screen Shot 2021-05-29 at 21.08.30.png
, id=153, 1363.0925pt x 1006.76125pt>
File: /Users/rudiks/Desktop/AVR - penúltima/Screen Shot 2021-05-29 at 21.08.3
0.png Graphic file (type png)
<use /Users/rudiks/Desktop/AVR - penúltima/Screen Shot 2021-05-29 at 21.08.30
.png>
Package pdftex.def Info: /Users/rudiks/Desktop/AVR - penúltima/Screen Shot 20
21-05-29 at 21.08.30.png  used on input line 19.
(pdftex.def)             Requested size: 364.19536pt x 268.98721pt.
 [6

 </Users/rudiks/Desktop/AVR - penúltima/Screen Shot 2021-05-29 at 21.08.30.pn
g>]
</Users/rudiks/Desktop/AVR - penúltima/Screen Shot 2021-05-29 at 21.09.03.png
, id=180, 1358.07375pt x 1011.78pt>
File: /Users/rudiks/Desktop/AVR - penúltima/Screen Shot 2021-05-29 at 21.09.0
3.png Graphic file (type png)
<use /Users/rudiks/Desktop/AVR - penúltima/Screen Shot 2021-05-29 at 21.09.03
.png>
Package pdftex.def Info: /Users/rudiks/Desktop/AVR - penúltima/Screen Shot 20
21-05-29 at 21.09.03.png  used on input line 20.
(pdftex.def)             Requested size: 364.19536pt x 271.3162pt.
 [7

 </Users/rudiks/Desktop/AVR - penúltima/Screen Shot 2021-05-29 at 21.09.03.pn
g>]
</Users/rudiks/Desktop/AVR - penúltima/Screen Shot 2021-05-29 at 21.09.33.png
, id=208, 1356.06625pt x 1016.79875pt>
File: /Users/rudiks/Desktop/AVR - penúltima/Screen Shot 2021-05-29 at 21.09.3
3.png Graphic file (type png)
<use /Users/rudiks/Desktop/AVR - penúltima/Screen Shot 2021-05-29 at 21.09.33
.png>
Package pdftex.def Info: /Users/rudiks/Desktop/AVR - penúltima/Screen Shot 20
21-05-29 at 21.09.33.png  used on input line 21.
(pdftex.def)             Requested size: 364.19536pt x 273.0654pt.

[8

 </Users/rudiks/Desktop/AVR - penúltima/Screen Shot 2021-05-29 at 21.09.33.pn
g>]
</Users/rudiks/Desktop/AVR - penúltima/Screen Shot 2021-05-29 at 21.10.08.png
, id=235, 1357.07pt x 1010.77625pt>
File: /Users/rudiks/Desktop/AVR - penúltima/Screen Shot 2021-05-29 at 21.10.0
8.png Graphic file (type png)
<use /Users/rudiks/Desktop/AVR - penúltima/Screen Shot 2021-05-29 at 21.10.08
.png>
Package pdftex.def Info: /Users/rudiks/Desktop/AVR - penúltima/Screen Shot 20
21-05-29 at 21.10.08.png  used on input line 22.
(pdftex.def)             Requested size: 364.19536pt x 271.24753pt.
 [9

 </Users/rudiks/Desktop/AVR - penúltima/Screen Shot 2021-05-29 at 21.10.08.pn
g>]
</Users/rudiks/Desktop/AVR - penúltima/Screen Shot 2021-05-29 at 21.11.55.png
, id=263, 1356.06625pt x 1008.76875pt>
File: /Users/rudiks/Desktop/AVR - penúltima/Screen Shot 2021-05-29 at 21.11.5
5.png Graphic file (type png)
<use /Users/rudiks/Desktop/AVR - penúltima/Screen Shot 2021-05-29 at 21.11.55
.png>
Package pdftex.def Info: /Users/rudiks/Desktop/AVR - penúltima/Screen Shot 20
21-05-29 at 21.11.55.png  used on input line 23.
(pdftex.def)             Requested size: 364.19536pt x 270.9089pt.
 [10

 </Users/rudiks/Desktop/AVR - penúltima/Screen Shot 2021-05-29 at 21.11.55.pn
g>]
</Users/rudiks/Desktop/AVR - penúltima/Screen Shot 2021-05-29 at 21.12.27.png
, id=290, 1358.07375pt x 1016.79875pt>
File: /Users/rudiks/Desktop/AVR - penúltima/Screen Shot 2021-05-29 at 21.12.2
7.png Graphic file (type png)
<use /Users/rudiks/Desktop/AVR - penúltima/Screen Shot 2021-05-29 at 21.12.27
.png>
Package pdftex.def Info: /Users/rudiks/Desktop/AVR - penúltima/Screen Shot 20
21-05-29 at 21.12.27.png  used on input line 24.
(pdftex.def)             Requested size: 364.19536pt x 272.662pt.
 [11

 </Users/rudiks/Desktop/AVR - penúltima/Screen Shot 2021-05-29 at 21.12.27.pn
g>]
</Users/rudiks/Desktop/AVR - penúltima/Screen Shot 2021-05-29 at 21.13.04.png
, id=317, 1348.03625pt x 1020.81375pt>
File: /Users/rudiks/Desktop/AVR - penúltima/Screen Shot 2021-05-29 at 21.13.0
4.png Graphic file (type png)
<use /Users/rudiks/Desktop/AVR - penúltima/Screen Shot 2021-05-29 at 21.13.04
.png>
Package pdftex.def Info: /Users/rudiks/Desktop/AVR - penúltima/Screen Shot 20
21-05-29 at 21.13.04.png  used on input line 25.
(pdftex.def)             Requested size: 364.19536pt x 275.77916pt.
 [12

 </Users/rudiks/Desktop/AVR - penúltima/Screen Shot 2021-05-29 at 21.13.04.pn
g>]
</Users/rudiks/Desktop/AVR - penúltima/Screen Shot 2021-05-29 at 21.13.30.png
, id=344, 1357.07pt x 1014.79124pt>
File: /Users/rudiks/Desktop/AVR - penúltima/Screen Shot 2021-05-29 at 21.13.3
0.png Graphic file (type png)
<use /Users/rudiks/Desktop/AVR - penúltima/Screen Shot 2021-05-29 at 21.13.30
.png>
Package pdftex.def Info: /Users/rudiks/Desktop/AVR - penúltima/Screen Shot 20
21-05-29 at 21.13.30.png  used on input line 26.
(pdftex.def)             Requested size: 364.19536pt x 272.32498pt.
 [13

 </Users/rudiks/Desktop/AVR - penúltima/Screen Shot 2021-05-29 at 21.13.30.pn
g>]
</Users/rudiks/Desktop/AVR - penúltima/Screen Shot 2021-05-29 at 21.17.50.png
, id=373, 1432.35126pt x 1071.00125pt>
File: /Users/rudiks/Desktop/AVR - penúltima/Screen Shot 2021-05-29 at 21.17.5
0.png Graphic file (type png)
<use /Users/rudiks/Desktop/AVR - penúltima/Screen Shot 2021-05-29 at 21.17.50
.png>
Package pdftex.def Info: /Users/rudiks/Desktop/AVR - penúltima/Screen Shot 20
21-05-29 at 21.17.50.png  used on input line 27.
(pdftex.def)             Requested size: 364.19536pt x 272.30911pt.
 [14

 </Users/rudiks/Desktop/AVR - penúltima/Screen Shot 2021-05-29 at 21.17.50.pn
g>]
</Users/rudiks/Desktop/AVR - penúltima/Screen Shot 2021-05-29 at 21.18.10.png
, id=400, 1436.36626pt x 1073.00874pt>
File: /Users/rudiks/Desktop/AVR - penúltima/Screen Shot 2021-05-29 at 21.18.1
0.png Graphic file (type png)
<use /Users/rudiks/Desktop/AVR - penúltima/Screen Shot 2021-05-29 at 21.18.10
.png>
Package pdftex.def Info: /Users/rudiks/Desktop/AVR - penúltima/Screen Shot 20
21-05-29 at 21.18.10.png  used on input line 28.
(pdftex.def)             Requested size: 364.19536pt x 272.06638pt.
 [15

 </Users/rudiks/Desktop/AVR - penúltima/Screen Shot 2021-05-29 at 21.18.10.pn
g>]
</Users/rudiks/Desktop/AVR - penúltima/Screen Shot 2021-05-29 at 21.18.40.png
, id=427, 1438.37375pt x 1066.98625pt>
File: /Users/rudiks/Desktop/AVR - penúltima/Screen Shot 2021-05-29 at 21.18.4
0.png Graphic file (type png)
<use /Users/rudiks/Desktop/AVR - penúltima/Screen Shot 2021-05-29 at 21.18.40
.png>
Package pdftex.def Info: /Users/rudiks/Desktop/AVR - penúltima/Screen Shot 20
21-05-29 at 21.18.40.png  used on input line 29.
(pdftex.def)             Requested size: 364.19536pt x 270.16489pt.
 [16

 </Users/rudiks/Desktop/AVR - penúltima/Screen Shot 2021-05-29 at 21.18.40.pn
g>]
</Users/rudiks/Desktop/AVR - penúltima/Screen Shot 2021-05-29 at 21.18.55.png
, id=454, 1444.39626pt x 1071.00125pt>
File: /Users/rudiks/Desktop/AVR - penúltima/Screen Shot 2021-05-29 at 21.18.5
5.png Graphic file (type png)
<use /Users/rudiks/Desktop/AVR - penúltima/Screen Shot 2021-05-29 at 21.18.55
.png>
Package pdftex.def Info: /Users/rudiks/Desktop/AVR - penúltima/Screen Shot 20
21-05-29 at 21.18.55.png  used on input line 30.
(pdftex.def)             Requested size: 364.19536pt x 270.03755pt.
 [17

 </Users/rudiks/Desktop/AVR - penúltima/Screen Shot 2021-05-29 at 21.18.55.pn
g>]
</Users/rudiks/Desktop/AVR - penúltima/Screen Shot 2021-05-29 at 21.19.04.png
, id=482, 1434.35875pt x 1074.0125pt>
File: /Users/rudiks/Desktop/AVR - penúltima/Screen Shot 2021-05-29 at 21.19.0
4.png Graphic file (type png)
<use /Users/rudiks/Desktop/AVR - penúltima/Screen Shot 2021-05-29 at 21.19.04
.png>
Package pdftex.def Info: /Users/rudiks/Desktop/AVR - penúltima/Screen Shot 20
21-05-29 at 21.19.04.png  used on input line 31.
(pdftex.def)             Requested size: 364.19536pt x 272.69781pt.
 [18

 </Users/rudiks/Desktop/AVR - penúltima/Screen Shot 2021-05-29 at 21.19.04.pn
g>]
</Users/rudiks/Desktop/AVR - penúltima/Screen Shot 2021-05-29 at 21.19.22.png
, id=509, 1437.37pt x 1071.00125pt>
File: /Users/rudiks/Desktop/AVR - penúltima/Screen Shot 2021-05-29 at 21.19.2
2.png Graphic file (type png)
<use /Users/rudiks/Desktop/AVR - penúltima/Screen Shot 2021-05-29 at 21.19.22
.png>
Package pdftex.def Info: /Users/rudiks/Desktop/AVR - penúltima/Screen Shot 20
21-05-29 at 21.19.22.png  used on input line 32.
(pdftex.def)             Requested size: 364.19536pt x 271.36127pt.

[19

 </Users/rudiks/Desktop/AVR - penúltima/Screen Shot 2021-05-29 at 21.19.22.pn
g>]
</Users/rudiks/Desktop/AVR - penúltima/Screen Shot 2021-05-29 at 21.19.35.png
, id=537, 1443.3925pt x 1077.02374pt>
File: /Users/rudiks/Desktop/AVR - penúltima/Screen Shot 2021-05-29 at 21.19.3
5.png Graphic file (type png)
<use /Users/rudiks/Desktop/AVR - penúltima/Screen Shot 2021-05-29 at 21.19.35
.png>
Package pdftex.def Info: /Users/rudiks/Desktop/AVR - penúltima/Screen Shot 20
21-05-29 at 21.19.35.png  used on input line 33.
(pdftex.def)             Requested size: 364.19536pt x 271.75325pt.
 [20

 </Users/rudiks/Desktop/AVR - penúltima/Screen Shot 2021-05-29 at 21.19.35.pn
g>]
</Users/rudiks/Desktop/AVR - penúltima/Screen Shot 2021-05-29 at 21.19.57.png
, id=564, 1442.38875pt x 1077.02374pt>
File: /Users/rudiks/Desktop/AVR - penúltima/Screen Shot 2021-05-29 at 21.19.5
7.png Graphic file (type png)
<use /Users/rudiks/Desktop/AVR - penúltima/Screen Shot 2021-05-29 at 21.19.57
.png>
Package pdftex.def Info: /Users/rudiks/Desktop/AVR - penúltima/Screen Shot 20
21-05-29 at 21.19.57.png  used on input line 34.
(pdftex.def)             Requested size: 364.19536pt x 271.93402pt.
 [21

 </Users/rudiks/Desktop/AVR - penúltima/Screen Shot 2021-05-29 at 21.19.57.pn
g>]
</Users/rudiks/Desktop/AVR - penúltima/Screen Shot 2021-05-29 at 21.20.13.png
, id=592, 1436.36626pt x 1076.02pt>
File: /Users/rudiks/Desktop/AVR - penúltima/Screen Shot 2021-05-29 at 21.20.1
3.png Graphic file (type png)
<use /Users/rudiks/Desktop/AVR - penúltima/Screen Shot 2021-05-29 at 21.20.13
.png>
Package pdftex.def Info: /Users/rudiks/Desktop/AVR - penúltima/Screen Shot 20
21-05-29 at 21.20.13.png  used on input line 35.
(pdftex.def)             Requested size: 364.19536pt x 272.82991pt.
 [22

 </Users/rudiks/Desktop/AVR - penúltima/Screen Shot 2021-05-29 at 21.20.13.pn
g>]
</Users/rudiks/Desktop/AVR - penúltima/Screen Shot 2021-05-29 at 21.20.27.png
, id=619, 1438.37375pt x 1076.02pt>
File: /Users/rudiks/Desktop/AVR - penúltima/Screen Shot 2021-05-29 at 21.20.2
7.png Graphic file (type png)
<use /Users/rudiks/Desktop/AVR - penúltima/Screen Shot 2021-05-29 at 21.20.27
.png>
Package pdftex.def Info: /Users/rudiks/Desktop/AVR - penúltima/Screen Shot 20
21-05-29 at 21.20.27.png  used on input line 36.
(pdftex.def)             Requested size: 364.19536pt x 272.45227pt.
 [23

 </Users/rudiks/Desktop/AVR - penúltima/Screen Shot 2021-05-29 at 21.20.27.pn
g>]
</Users/rudiks/Desktop/AVR - penúltima/Screen Shot 2021-05-29 at 21.20.42.png
, id=646, 1440.38126pt x 1077.02374pt>
File: /Users/rudiks/Desktop/AVR - penúltima/Screen Shot 2021-05-29 at 21.20.4
2.png Graphic file (type png)
<use /Users/rudiks/Desktop/AVR - penúltima/Screen Shot 2021-05-29 at 21.20.42
.png>
Package pdftex.def Info: /Users/rudiks/Desktop/AVR - penúltima/Screen Shot 20
21-05-29 at 21.20.42.png  used on input line 37.
(pdftex.def)             Requested size: 364.19536pt x 272.312pt.
 [24

 </Users/rudiks/Desktop/AVR - penúltima/Screen Shot 2021-05-29 at 21.20.42.pn
g>]
</Users/rudiks/Desktop/AVR - penúltima/Screen Shot 2021-05-29 at 21.20.55.png
, id=673, 1442.38875pt x 1079.03125pt>
File: /Users/rudiks/Desktop/AVR - penúltima/Screen Shot 2021-05-29 at 21.20.5
5.png Graphic file (type png)
<use /Users/rudiks/Desktop/AVR - penúltima/Screen Shot 2021-05-29 at 21.20.55
.png>
Package pdftex.def Info: /Users/rudiks/Desktop/AVR - penúltima/Screen Shot 20
21-05-29 at 21.20.55.png  used on input line 38.
(pdftex.def)             Requested size: 364.19536pt x 272.44089pt.
 [25

 </Users/rudiks/Desktop/AVR - penúltima/Screen Shot 2021-05-29 at 21.20.55.pn
g>]
</Users/rudiks/Desktop/AVR - penúltima/Screen Shot 2021-05-29 at 21.24.17.png
, id=702, 1443.3925pt x 1072.005pt>
File: /Users/rudiks/Desktop/AVR - penúltima/Screen Shot 2021-05-29 at 21.24.1
7.png Graphic file (type png)
<use /Users/rudiks/Desktop/AVR - penúltima/Screen Shot 2021-05-29 at 21.24.17
.png>
Package pdftex.def Info: /Users/rudiks/Desktop/AVR - penúltima/Screen Shot 20
21-05-29 at 21.24.17.png  used on input line 39.
(pdftex.def)             Requested size: 364.19536pt x 270.48692pt.
 [26

 </Users/rudiks/Desktop/AVR - penúltima/Screen Shot 2021-05-29 at 21.24.17.pn
g>]
</Users/rudiks/Desktop/AVR - penúltima/Screen Shot 2021-05-29 at 21.24.46.png
, id=729, 1439.3775pt x 1076.02pt>
File: /Users/rudiks/Desktop/AVR - penúltima/Screen Shot 2021-05-29 at 21.24.4
6.png Graphic file (type png)
<use /Users/rudiks/Desktop/AVR - penúltima/Screen Shot 2021-05-29 at 21.24.46
.png>
Package pdftex.def Info: /Users/rudiks/Desktop/AVR - penúltima/Screen Shot 20
21-05-29 at 21.24.46.png  used on input line 40.
(pdftex.def)             Requested size: 364.19536pt x 272.25525pt.
 [27

 </Users/rudiks/Desktop/AVR - penúltima/Screen Shot 2021-05-29 at 21.24.46.pn
g>]
</Users/rudiks/Desktop/AVR - penúltima/Screen Shot 2021-05-29 at 21.25.27.png
, id=756, 1438.37375pt x 1072.005pt>
File: /Users/rudiks/Desktop/AVR - penúltima/Screen Shot 2021-05-29 at 21.25.2
7.png Graphic file (type png)
<use /Users/rudiks/Desktop/AVR - penúltima/Screen Shot 2021-05-29 at 21.25.27
.png>
Package pdftex.def Info: /Users/rudiks/Desktop/AVR - penúltima/Screen Shot 20
21-05-29 at 21.25.27.png  used on input line 41.
(pdftex.def)             Requested size: 364.19536pt x 271.43565pt.
 [28

 </Users/rudiks/Desktop/AVR - penúltima/Screen Shot 2021-05-29 at 21.25.27.pn
g>]
</Users/rudiks/Desktop/AVR - penúltima/Screen Shot 2021-05-29 at 21.26.48.png
, id=783, 1435.3625pt x 1075.01625pt>
File: /Users/rudiks/Desktop/AVR - penúltima/Screen Shot 2021-05-29 at 21.26.4
8.png Graphic file (type png)
<use /Users/rudiks/Desktop/AVR - penúltima/Screen Shot 2021-05-29 at 21.26.48
.png>
Package pdftex.def Info: /Users/rudiks/Desktop/AVR - penúltima/Screen Shot 20
21-05-29 at 21.26.48.png  used on input line 42.
(pdftex.def)             Requested size: 364.19536pt x 272.75583pt.
 [29

 </Users/rudiks/Desktop/AVR - penúltima/Screen Shot 2021-05-29 at 21.26.48.pn
g>]
</Users/rudiks/Desktop/AVR - penúltima/Screen Shot 2021-05-29 at 21.27.23.png
, id=810, 1436.36626pt x 1066.98625pt>
File: /Users/rudiks/Desktop/AVR - penúltima/Screen Shot 2021-05-29 at 21.27.2
3.png Graphic file (type png)
<use /Users/rudiks/Desktop/AVR - penúltima/Screen Shot 2021-05-29 at 21.27.23
.png>
Package pdftex.def Info: /Users/rudiks/Desktop/AVR - penúltima/Screen Shot 20
21-05-29 at 21.27.23.png  used on input line 43.
(pdftex.def)             Requested size: 364.19536pt x 270.53935pt.

[30

 </Users/rudiks/Desktop/AVR - penúltima/Screen Shot 2021-05-29 at 21.27.23.pn
g>]
</Users/rudiks/Desktop/AVR - penúltima/Screen Shot 2021-05-29 at 21.27.44.png
, id=838, 1439.3775pt x 1073.00874pt>
File: /Users/rudiks/Desktop/AVR - penúltima/Screen Shot 2021-05-29 at 21.27.4
4.png Graphic file (type png)
<use /Users/rudiks/Desktop/AVR - penúltima/Screen Shot 2021-05-29 at 21.27.44
.png>
Package pdftex.def Info: /Users/rudiks/Desktop/AVR - penúltima/Screen Shot 20
21-05-29 at 21.27.44.png  used on input line 44.
(pdftex.def)             Requested size: 364.19536pt x 271.49333pt.
 [31

 </Users/rudiks/Desktop/AVR - penúltima/Screen Shot 2021-05-29 at 21.27.44.pn
g>]
</Users/rudiks/Desktop/AVR - penúltima/Screen Shot 2021-05-29 at 21.29.21.png
, id=866, 1440.38126pt x 1075.01625pt>
File: /Users/rudiks/Desktop/AVR - penúltima/Screen Shot 2021-05-29 at 21.29.2
1.png Graphic file (type png)
<use /Users/rudiks/Desktop/AVR - penúltima/Screen Shot 2021-05-29 at 21.29.21
.png>
Package pdftex.def Info: /Users/rudiks/Desktop/AVR - penúltima/Screen Shot 20
21-05-29 at 21.29.21.png  used on input line 45.
(pdftex.def)             Requested size: 364.19536pt x 271.80444pt.
 [32

 </Users/rudiks/Desktop/AVR - penúltima/Screen Shot 2021-05-29 at 21.29.21.pn
g>]
</Users/rudiks/Desktop/AVR - penúltima/Screen Shot 2021-05-29 at 21.29.36.png
, id=893, 1435.3625pt x 1076.02pt>
File: /Users/rudiks/Desktop/AVR - penúltima/Screen Shot 2021-05-29 at 21.29.3
6.png Graphic file (type png)
<use /Users/rudiks/Desktop/AVR - penúltima/Screen Shot 2021-05-29 at 21.29.36
.png>
Package pdftex.def Info: /Users/rudiks/Desktop/AVR - penúltima/Screen Shot 20
21-05-29 at 21.29.36.png  used on input line 46.
(pdftex.def)             Requested size: 364.19536pt x 273.01051pt.
 [33

 </Users/rudiks/Desktop/AVR - penúltima/Screen Shot 2021-05-29 at 21.29.36.pn
g>]
</Users/rudiks/Desktop/AVR - penúltima/Screen Shot 2021-05-29 at 21.34.26.png
, id=920, 1444.39626pt x 1075.01625pt>
File: /Users/rudiks/Desktop/AVR - penúltima/Screen Shot 2021-05-29 at 21.34.2
6.png Graphic file (type png)
<use /Users/rudiks/Desktop/AVR - penúltima/Screen Shot 2021-05-29 at 21.34.26
.png>
Package pdftex.def Info: /Users/rudiks/Desktop/AVR - penúltima/Screen Shot 20
21-05-29 at 21.34.26.png  used on input line 47.
(pdftex.def)             Requested size: 364.19536pt x 271.04988pt.
 [34

 </Users/rudiks/Desktop/AVR - penúltima/Screen Shot 2021-05-29 at 21.34.26.pn
g>]
</Users/rudiks/Desktop/AVR - penúltima/Screen Shot 2021-05-29 at 21.34.40.png
, id=948, 1452.42625pt x 1079.03125pt>
File: /Users/rudiks/Desktop/AVR - penúltima/Screen Shot 2021-05-29 at 21.34.4
0.png Graphic file (type png)
<use /Users/rudiks/Desktop/AVR - penúltima/Screen Shot 2021-05-29 at 21.34.40
.png>
Package pdftex.def Info: /Users/rudiks/Desktop/AVR - penúltima/Screen Shot 20
21-05-29 at 21.34.40.png  used on input line 48.
(pdftex.def)             Requested size: 364.19536pt x 270.56392pt.
 [35

 </Users/rudiks/Desktop/AVR - penúltima/Screen Shot 2021-05-29 at 21.34.40.pn
g>]
</Users/rudiks/Desktop/AVR - penúltima/Screen Shot 2021-05-29 at 21.34.58.png
, id=975, 1452.42625pt x 1073.00874pt>
File: /Users/rudiks/Desktop/AVR - penúltima/Screen Shot 2021-05-29 at 21.34.5
8.png Graphic file (type png)
<use /Users/rudiks/Desktop/AVR - penúltima/Screen Shot 2021-05-29 at 21.34.58
.png>
Package pdftex.def Info: /Users/rudiks/Desktop/AVR - penúltima/Screen Shot 20
21-05-29 at 21.34.58.png  used on input line 49.
(pdftex.def)             Requested size: 364.19536pt x 269.05379pt.
 [36

 </Users/rudiks/Desktop/AVR - penúltima/Screen Shot 2021-05-29 at 21.34.58.pn
g>]
</Users/rudiks/Desktop/AVR - penúltima/Screen Shot 2021-05-29 at 21.35.06.png
, id=1002, 1453.43pt x 1064.97874pt>
File: /Users/rudiks/Desktop/AVR - penúltima/Screen Shot 2021-05-29 at 21.35.0
6.png Graphic file (type png)
<use /Users/rudiks/Desktop/AVR - penúltima/Screen Shot 2021-05-29 at 21.35.06
.png>
Package pdftex.def Info: /Users/rudiks/Desktop/AVR - penúltima/Screen Shot 20
21-05-29 at 21.35.06.png  used on input line 50.
(pdftex.def)             Requested size: 364.19536pt x 266.86154pt.
 [37

 </Users/rudiks/Desktop/AVR - penúltima/Screen Shot 2021-05-29 at 21.35.06.pn
g>]
</Users/rudiks/Desktop/AVR - penúltima/Screen Shot 2021-05-29 at 21.35.24.png
, id=1030, 1435.3625pt x 1063.975pt>
File: /Users/rudiks/Desktop/AVR - penúltima/Screen Shot 2021-05-29 at 21.35.2
4.png Graphic file (type png)
<use /Users/rudiks/Desktop/AVR - penúltima/Screen Shot 2021-05-29 at 21.35.24
.png>
Package pdftex.def Info: /Users/rudiks/Desktop/AVR - penúltima/Screen Shot 20
21-05-29 at 21.35.24.png  used on input line 51.
(pdftex.def)             Requested size: 364.19536pt x 269.95442pt.
 [38

 </Users/rudiks/Desktop/AVR - penúltima/Screen Shot 2021-05-29 at 21.35.24.pn
g>]
</Users/rudiks/Desktop/AVR - penúltima/Screen Shot 2021-05-29 at 21.35.43.png
, id=1058, 1447.4075pt x 1069.9975pt>
File: /Users/rudiks/Desktop/AVR - penúltima/Screen Shot 2021-05-29 at 21.35.4
3.png Graphic file (type png)
<use /Users/rudiks/Desktop/AVR - penúltima/Screen Shot 2021-05-29 at 21.35.43
.png>
Package pdftex.def Info: /Users/rudiks/Desktop/AVR - penúltima/Screen Shot 20
21-05-29 at 21.35.43.png  used on input line 52.
(pdftex.def)             Requested size: 364.19536pt x 269.22935pt.
 [39

 </Users/rudiks/Desktop/AVR - penúltima/Screen Shot 2021-05-29 at 21.35.43.pn
g>]
</Users/rudiks/Desktop/AVR - penúltima/Screen Shot 2021-05-29 at 21.36.44.png
, id=1085, 1439.3775pt x 1071.00125pt>
File: /Users/rudiks/Desktop/AVR - penúltima/Screen Shot 2021-05-29 at 21.36.4
4.png Graphic file (type png)
<use /Users/rudiks/Desktop/AVR - penúltima/Screen Shot 2021-05-29 at 21.36.44
.png>
Package pdftex.def Info: /Users/rudiks/Desktop/AVR - penúltima/Screen Shot 20
21-05-29 at 21.36.44.png  used on input line 53.
(pdftex.def)             Requested size: 364.19536pt x 270.9854pt.
 [40

 </Users/rudiks/Desktop/AVR - penúltima/Screen Shot 2021-05-29 at 21.36.44.pn
g>]
</Users/rudiks/Desktop/AVR - penúltima/Screen Shot 2021-05-29 at 21.37.49.png
, id=1112, 1451.4225pt x 1077.02374pt>
File: /Users/rudiks/Desktop/AVR - penúltima/Screen Shot 2021-05-29 at 21.37.4
9.png Graphic file (type png)
<use /Users/rudiks/Desktop/AVR - penúltima/Screen Shot 2021-05-29 at 21.37.49
.png>
Package pdftex.def Info: /Users/rudiks/Desktop/AVR - penúltima/Screen Shot 20
21-05-29 at 21.37.49.png  used on input line 54.
(pdftex.def)             Requested size: 364.19536pt x 270.24132pt.

[41

 </Users/rudiks/Desktop/AVR - penúltima/Screen Shot 2021-05-29 at 21.37.49.pn
g>]
</Users/rudiks/Desktop/AVR - penúltima/Screen Shot 2021-05-29 at 21.38.41.png
, id=1139, 1451.4225pt x 1072.005pt>
File: /Users/rudiks/Desktop/AVR - penúltima/Screen Shot 2021-05-29 at 21.38.4
1.png Graphic file (type png)
<use /Users/rudiks/Desktop/AVR - penúltima/Screen Shot 2021-05-29 at 21.38.41
.png>
Package pdftex.def Info: /Users/rudiks/Desktop/AVR - penúltima/Screen Shot 20
21-05-29 at 21.38.41.png  used on input line 55.
(pdftex.def)             Requested size: 364.19536pt x 268.98204pt.
 [42

 </Users/rudiks/Desktop/AVR - penúltima/Screen Shot 2021-05-29 at 21.38.41.pn
g>]
</Users/rudiks/Desktop/AVR - penúltima/Screen Shot 2021-05-29 at 21.41.53.png
, id=1167, 1442.38875pt x 1074.0125pt>
File: /Users/rudiks/Desktop/AVR - penúltima/Screen Shot 2021-05-29 at 21.41.5
3.png Graphic file (type png)
<use /Users/rudiks/Desktop/AVR - penúltima/Screen Shot 2021-05-29 at 21.41.53
.png>
Package pdftex.def Info: /Users/rudiks/Desktop/AVR - penúltima/Screen Shot 20
21-05-29 at 21.41.53.png  used on input line 56.
(pdftex.def)             Requested size: 364.19536pt x 271.17372pt.
 [43

 </Users/rudiks/Desktop/AVR - penúltima/Screen Shot 2021-05-29 at 21.41.53.pn
g>]
</Users/rudiks/Desktop/AVR - penúltima/Screen Shot 2021-05-29 at 21.42.24.png
, id=1195, 1458.44875pt x 1077.02374pt>
File: /Users/rudiks/Desktop/AVR - penúltima/Screen Shot 2021-05-29 at 21.42.2
4.png Graphic file (type png)
<use /Users/rudiks/Desktop/AVR - penúltima/Screen Shot 2021-05-29 at 21.42.24
.png>
Package pdftex.def Info: /Users/rudiks/Desktop/AVR - penúltima/Screen Shot 20
21-05-29 at 21.42.24.png  used on input line 57.
(pdftex.def)             Requested size: 364.19536pt x 268.94302pt.
 [44

 </Users/rudiks/Desktop/AVR - penúltima/Screen Shot 2021-05-29 at 21.42.24.pn
g>]
</Users/rudiks/Desktop/AVR - penúltima/Screen Shot 2021-05-29 at 21.42.39.png
, id=1222, 1447.4075pt x 1074.0125pt>
File: /Users/rudiks/Desktop/AVR - penúltima/Screen Shot 2021-05-29 at 21.42.3
9.png Graphic file (type png)
<use /Users/rudiks/Desktop/AVR - penúltima/Screen Shot 2021-05-29 at 21.42.39
.png>
Package pdftex.def Info: /Users/rudiks/Desktop/AVR - penúltima/Screen Shot 20
21-05-29 at 21.42.39.png  used on input line 58.
(pdftex.def)             Requested size: 364.19536pt x 270.2396pt.
 [45

 </Users/rudiks/Desktop/AVR - penúltima/Screen Shot 2021-05-29 at 21.42.39.pn
g>]
</Users/rudiks/Desktop/AVR - penúltima/Screen Shot 2021-05-29 at 21.42.59.png
, id=1249, 1444.39626pt x 1075.01625pt>
File: /Users/rudiks/Desktop/AVR - penúltima/Screen Shot 2021-05-29 at 21.42.5
9.png Graphic file (type png)
<use /Users/rudiks/Desktop/AVR - penúltima/Screen Shot 2021-05-29 at 21.42.59
.png>
Package pdftex.def Info: /Users/rudiks/Desktop/AVR - penúltima/Screen Shot 20
21-05-29 at 21.42.59.png  used on input line 59.
(pdftex.def)             Requested size: 364.19536pt x 271.04988pt.
 [46

 </Users/rudiks/Desktop/AVR - penúltima/Screen Shot 2021-05-29 at 21.42.59.pn
g>]
</Users/rudiks/Desktop/AVR - penúltima/Screen Shot 2021-05-29 at 21.43.17.png
, id=1277, 1450.41875pt x 1075.01625pt>
File: /Users/rudiks/Desktop/AVR - penúltima/Screen Shot 2021-05-29 at 21.43.1
7.png Graphic file (type png)
<use /Users/rudiks/Desktop/AVR - penúltima/Screen Shot 2021-05-29 at 21.43.17
.png>
Package pdftex.def Info: /Users/rudiks/Desktop/AVR - penúltima/Screen Shot 20
21-05-29 at 21.43.17.png  used on input line 60.
(pdftex.def)             Requested size: 364.19536pt x 269.93445pt.
 [47

 </Users/rudiks/Desktop/AVR - penúltima/Screen Shot 2021-05-29 at 21.43.17.pn
g>]
</Users/rudiks/Desktop/AVR - penúltima/Screen Shot 2021-05-29 at 21.43.37.png
, id=1304, 1437.37pt x 1072.005pt>
File: /Users/rudiks/Desktop/AVR - penúltima/Screen Shot 2021-05-29 at 21.43.3
7.png Graphic file (type png)
<use /Users/rudiks/Desktop/AVR - penúltima/Screen Shot 2021-05-29 at 21.43.37
.png>
Package pdftex.def Info: /Users/rudiks/Desktop/AVR - penúltima/Screen Shot 20
21-05-29 at 21.43.37.png  used on input line 61.
(pdftex.def)             Requested size: 364.19536pt x 271.61559pt.
 [48

 </Users/rudiks/Desktop/AVR - penúltima/Screen Shot 2021-05-29 at 21.43.37.pn
g>]
</Users/rudiks/Desktop/AVR - penúltima/Screen Shot 2021-05-29 at 21.43.54.png
, id=1331, 1444.39626pt x 1075.01625pt>
File: /Users/rudiks/Desktop/AVR - penúltima/Screen Shot 2021-05-29 at 21.43.5
4.png Graphic file (type png)
<use /Users/rudiks/Desktop/AVR - penúltima/Screen Shot 2021-05-29 at 21.43.54
.png>
Package pdftex.def Info: /Users/rudiks/Desktop/AVR - penúltima/Screen Shot 20
21-05-29 at 21.43.54.png  used on input line 62.
(pdftex.def)             Requested size: 364.19536pt x 271.04988pt.
 [49

 </Users/rudiks/Desktop/AVR - penúltima/Screen Shot 2021-05-29 at 21.43.54.pn
g>]
</Users/rudiks/Desktop/AVR - penúltima/Screen Shot 2021-05-29 at 21.44.09.png
, id=1359, 1442.38875pt x 1072.005pt>
File: /Users/rudiks/Desktop/AVR - penúltima/Screen Shot 2021-05-29 at 21.44.0
9.png Graphic file (type png)
<use /Users/rudiks/Desktop/AVR - penúltima/Screen Shot 2021-05-29 at 21.44.09
.png>
Package pdftex.def Info: /Users/rudiks/Desktop/AVR - penúltima/Screen Shot 20
21-05-29 at 21.44.09.png  used on input line 63.
(pdftex.def)             Requested size: 364.19536pt x 270.66685pt.
 [50

 </Users/rudiks/Desktop/AVR - penúltima/Screen Shot 2021-05-29 at 21.44.09.pn
g>]
</Users/rudiks/Desktop/AVR - penúltima/Screen Shot 2021-05-29 at 21.44.23.png
, id=1387, 1445.4pt x 1066.98625pt>
File: /Users/rudiks/Desktop/AVR - penúltima/Screen Shot 2021-05-29 at 21.44.2
3.png Graphic file (type png)
<use /Users/rudiks/Desktop/AVR - penúltima/Screen Shot 2021-05-29 at 21.44.23
.png>
Package pdftex.def Info: /Users/rudiks/Desktop/AVR - penúltima/Screen Shot 20
21-05-29 at 21.44.23.png  used on input line 64.
(pdftex.def)             Requested size: 364.19536pt x 268.84615pt.
 [51

 </Users/rudiks/Desktop/AVR - penúltima/Screen Shot 2021-05-29 at 21.44.23.pn
g>]
</Users/rudiks/Desktop/AVR - penúltima/Screen Shot 2021-05-29 at 21.45.41.png
, id=1414, 1450.41875pt x 1076.02pt>
File: /Users/rudiks/Desktop/AVR - penúltima/Screen Shot 2021-05-29 at 21.45.4
1.png Graphic file (type png)
<use /Users/rudiks/Desktop/AVR - penúltima/Screen Shot 2021-05-29 at 21.45.41
.png>
Package pdftex.def Info: /Users/rudiks/Desktop/AVR - penúltima/Screen Shot 20
21-05-29 at 21.45.41.png  used on input line 65.
(pdftex.def)             Requested size: 364.19536pt x 270.1865pt.

[52

 </Users/rudiks/Desktop/AVR - penúltima/Screen Shot 2021-05-29 at 21.45.41.pn
g>]
</Users/rudiks/Desktop/AVR - penúltima/Screen Shot 2021-05-29 at 21.45.53.png
, id=1441, 1448.41125pt x 1067.99pt>
File: /Users/rudiks/Desktop/AVR - penúltima/Screen Shot 2021-05-29 at 21.45.5
3.png Graphic file (type png)
<use /Users/rudiks/Desktop/AVR - penúltima/Screen Shot 2021-05-29 at 21.45.53
.png>
Package pdftex.def Info: /Users/rudiks/Desktop/AVR - penúltima/Screen Shot 20
21-05-29 at 21.45.53.png  used on input line 66.
(pdftex.def)             Requested size: 364.19536pt x 268.52869pt.
 [53

 </Users/rudiks/Desktop/AVR - penúltima/Screen Shot 2021-05-29 at 21.45.53.pn
g>]
</Users/rudiks/Desktop/AVR - penúltima/Screen Shot 2021-05-29 at 21.46.06.png
, id=1468, 1444.39626pt x 1069.9975pt>
File: /Users/rudiks/Desktop/AVR - penúltima/Screen Shot 2021-05-29 at 21.46.0
6.png Graphic file (type png)
<use /Users/rudiks/Desktop/AVR - penúltima/Screen Shot 2021-05-29 at 21.46.06
.png>
Package pdftex.def Info: /Users/rudiks/Desktop/AVR - penúltima/Screen Shot 20
21-05-29 at 21.46.06.png  used on input line 67.
(pdftex.def)             Requested size: 364.19536pt x 269.78447pt.
 [54

 </Users/rudiks/Desktop/AVR - penúltima/Screen Shot 2021-05-29 at 21.46.06.pn
g>]
</Users/rudiks/Desktop/AVR - penúltima/Screen Shot 2021-05-29 at 21.46.17.png
, id=1495, 1456.44125pt x 1073.00874pt>
File: /Users/rudiks/Desktop/AVR - penúltima/Screen Shot 2021-05-29 at 21.46.1
7.png Graphic file (type png)
<use /Users/rudiks/Desktop/AVR - penúltima/Screen Shot 2021-05-29 at 21.46.17
.png>
Package pdftex.def Info: /Users/rudiks/Desktop/AVR - penúltima/Screen Shot 20
21-05-29 at 21.46.17.png  used on input line 68.
(pdftex.def)             Requested size: 364.19536pt x 268.30064pt.
 [55

 </Users/rudiks/Desktop/AVR - penúltima/Screen Shot 2021-05-29 at 21.46.17.pn
g>]
</Users/rudiks/Desktop/AVR - penúltima/Screen Shot 2021-05-29 at 21.46.54.png
, id=1524, 1436.36626pt x 1065.9825pt>
File: /Users/rudiks/Desktop/AVR - penúltima/Screen Shot 2021-05-29 at 21.46.5
4.png Graphic file (type png)
<use /Users/rudiks/Desktop/AVR - penúltima/Screen Shot 2021-05-29 at 21.46.54
.png>
Package pdftex.def Info: /Users/rudiks/Desktop/AVR - penúltima/Screen Shot 20
21-05-29 at 21.46.54.png  used on input line 69.
(pdftex.def)             Requested size: 364.19536pt x 270.28485pt.
 [56

 </Users/rudiks/Desktop/AVR - penúltima/Screen Shot 2021-05-29 at 21.46.54.pn
g>]
</Users/rudiks/Desktop/AVR - penúltima/Screen Shot 2021-05-29 at 21.47.21.png
, id=1551, 1437.37pt x 1059.96pt>
File: /Users/rudiks/Desktop/AVR - penúltima/Screen Shot 2021-05-29 at 21.47.2
1.png Graphic file (type png)
<use /Users/rudiks/Desktop/AVR - penúltima/Screen Shot 2021-05-29 at 21.47.21
.png>
Package pdftex.def Info: /Users/rudiks/Desktop/AVR - penúltima/Screen Shot 20
21-05-29 at 21.47.21.png  used on input line 70.
(pdftex.def)             Requested size: 364.19536pt x 268.56372pt.
 [57

 </Users/rudiks/Desktop/AVR - penúltima/Screen Shot 2021-05-29 at 21.47.21.pn
g>]
</Users/rudiks/Desktop/AVR - penúltima/Screen Shot 2021-05-29 at 21.47.41.png
, id=1578, 1453.43pt x 1066.98625pt>
File: /Users/rudiks/Desktop/AVR - penúltima/Screen Shot 2021-05-29 at 21.47.4
1.png Graphic file (type png)
<use /Users/rudiks/Desktop/AVR - penúltima/Screen Shot 2021-05-29 at 21.47.41
.png>
Package pdftex.def Info: /Users/rudiks/Desktop/AVR - penúltima/Screen Shot 20
21-05-29 at 21.47.41.png  used on input line 71.
(pdftex.def)             Requested size: 364.19536pt x 267.36458pt.
 [58

 </Users/rudiks/Desktop/AVR - penúltima/Screen Shot 2021-05-29 at 21.47.41.pn
g>]
</Users/rudiks/Desktop/AVR - penúltima/Screen Shot 2021-05-29 at 21.47.58.png
, id=1605, 1448.41125pt x 1071.00125pt>
File: /Users/rudiks/Desktop/AVR - penúltima/Screen Shot 2021-05-29 at 21.47.5
8.png Graphic file (type png)
<use /Users/rudiks/Desktop/AVR - penúltima/Screen Shot 2021-05-29 at 21.47.58
.png>
Package pdftex.def Info: /Users/rudiks/Desktop/AVR - penúltima/Screen Shot 20
21-05-29 at 21.47.58.png  used on input line 72.
(pdftex.def)             Requested size: 364.19536pt x 269.28581pt.
 [59

 </Users/rudiks/Desktop/AVR - penúltima/Screen Shot 2021-05-29 at 21.47.58.pn
g>]
</Users/rudiks/Desktop/AVR - penúltima/Screen Shot 2021-05-29 at 21.48.42.png
, id=1633, 1442.38875pt x 1066.98625pt>
File: /Users/rudiks/Desktop/AVR - penúltima/Screen Shot 2021-05-29 at 21.48.4
2.png Graphic file (type png)
<use /Users/rudiks/Desktop/AVR - penúltima/Screen Shot 2021-05-29 at 21.48.42
.png>
Package pdftex.def Info: /Users/rudiks/Desktop/AVR - penúltima/Screen Shot 20
21-05-29 at 21.48.42.png  used on input line 73.
(pdftex.def)             Requested size: 364.19536pt x 269.39969pt.
 [60

 </Users/rudiks/Desktop/AVR - penúltima/Screen Shot 2021-05-29 at 21.48.42.pn
g>]
</Users/rudiks/Desktop/AVR - penúltima/Screen Shot 2021-05-29 at 21.48.56.png
, id=1660, 1446.40375pt x 1073.00874pt>
File: /Users/rudiks/Desktop/AVR - penúltima/Screen Shot 2021-05-29 at 21.48.5
6.png Graphic file (type png)
<use /Users/rudiks/Desktop/AVR - penúltima/Screen Shot 2021-05-29 at 21.48.56
.png>
Package pdftex.def Info: /Users/rudiks/Desktop/AVR - penúltima/Screen Shot 20
21-05-29 at 21.48.56.png  used on input line 74.
(pdftex.def)             Requested size: 364.19536pt x 270.16713pt.
 [61

 </Users/rudiks/Desktop/AVR - penúltima/Screen Shot 2021-05-29 at 21.48.56.pn
g>]
</Users/rudiks/Desktop/AVR - penúltima/Screen Shot 2021-05-29 at 21.49.19.png
, id=1688, 1443.3925pt x 1076.02pt>
File: /Users/rudiks/Desktop/AVR - penúltima/Screen Shot 2021-05-29 at 21.49.1
9.png Graphic file (type png)
<use /Users/rudiks/Desktop/AVR - penúltima/Screen Shot 2021-05-29 at 21.49.19
.png>
Package pdftex.def Info: /Users/rudiks/Desktop/AVR - penúltima/Screen Shot 20
21-05-29 at 21.49.19.png  used on input line 75.
(pdftex.def)             Requested size: 364.19536pt x 271.49998pt.
 [62

 </Users/rudiks/Desktop/AVR - penúltima/Screen Shot 2021-05-29 at 21.49.19.pn
g>]
</Users/rudiks/Desktop/AVR - penúltima/Screen Shot 2021-05-29 at 21.49.36.png
, id=1715, 1444.39626pt x 1069.9975pt>
File: /Users/rudiks/Desktop/AVR - penúltima/Screen Shot 2021-05-29 at 21.49.3
6.png Graphic file (type png)
<use /Users/rudiks/Desktop/AVR - penúltima/Screen Shot 2021-05-29 at 21.49.36
.png>
Package pdftex.def Info: /Users/rudiks/Desktop/AVR - penúltima/Screen Shot 20
21-05-29 at 21.49.36.png  used on input line 76.
(pdftex.def)             Requested size: 364.19536pt x 269.78447pt.

[63

 </Users/rudiks/Desktop/AVR - penúltima/Screen Shot 2021-05-29 at 21.49.36.pn
g>]
</Users/rudiks/Desktop/AVR - penúltima/Screen Shot 2021-05-29 at 21.49.56.png
, id=1743, 1461.46pt x 1075.01625pt>
File: /Users/rudiks/Desktop/AVR - penúltima/Screen Shot 2021-05-29 at 21.49.5
6.png Graphic file (type png)
<use /Users/rudiks/Desktop/AVR - penúltima/Screen Shot 2021-05-29 at 21.49.56
.png>
Package pdftex.def Info: /Users/rudiks/Desktop/AVR - penúltima/Screen Shot 20
21-05-29 at 21.49.56.png  used on input line 77.
(pdftex.def)             Requested size: 364.19536pt x 267.88402pt.
 [64

 </Users/rudiks/Desktop/AVR - penúltima/Screen Shot 2021-05-29 at 21.49.56.pn
g>]
</Users/rudiks/Desktop/AVR - penúltima/Screen Shot 2021-05-29 at 21.50.10.png
, id=1770, 1455.4375pt x 1071.00125pt>
File: /Users/rudiks/Desktop/AVR - penúltima/Screen Shot 2021-05-29 at 21.50.1
0.png Graphic file (type png)
<use /Users/rudiks/Desktop/AVR - penúltima/Screen Shot 2021-05-29 at 21.50.10
.png>
Package pdftex.def Info: /Users/rudiks/Desktop/AVR - penúltima/Screen Shot 20
21-05-29 at 21.50.10.png  used on input line 78.
(pdftex.def)             Requested size: 364.19536pt x 267.99478pt.
 [65

 </Users/rudiks/Desktop/AVR - penúltima/Screen Shot 2021-05-29 at 21.50.10.pn
g>]
</Users/rudiks/Desktop/AVR - penúltima/Screen Shot 2021-05-29 at 21.50.20.png
, id=1797, 1434.35875pt x 1072.005pt>
File: /Users/rudiks/Desktop/AVR - penúltima/Screen Shot 2021-05-29 at 21.50.2
0.png Graphic file (type png)
<use /Users/rudiks/Desktop/AVR - penúltima/Screen Shot 2021-05-29 at 21.50.20
.png>
Package pdftex.def Info: /Users/rudiks/Desktop/AVR - penúltima/Screen Shot 20
21-05-29 at 21.50.20.png  used on input line 79.
(pdftex.def)             Requested size: 364.19536pt x 272.1881pt.
 [66

 </Users/rudiks/Desktop/AVR - penúltima/Screen Shot 2021-05-29 at 21.50.20.pn
g>]
</Users/rudiks/Desktop/AVR - penúltima/Screen Shot 2021-05-29 at 21.50.59.png
, id=1824, 1438.37375pt x 1074.0125pt>
File: /Users/rudiks/Desktop/AVR - penúltima/Screen Shot 2021-05-29 at 21.50.5
9.png Graphic file (type png)
<use /Users/rudiks/Desktop/AVR - penúltima/Screen Shot 2021-05-29 at 21.50.59
.png>
Package pdftex.def Info: /Users/rudiks/Desktop/AVR - penúltima/Screen Shot 20
21-05-29 at 21.50.59.png  used on input line 80.
(pdftex.def)             Requested size: 364.19536pt x 271.94395pt.
 [67

 </Users/rudiks/Desktop/AVR - penúltima/Screen Shot 2021-05-29 at 21.50.59.pn
g>]
</Users/rudiks/Desktop/AVR - penúltima/Screen Shot 2021-05-29 at 21.51.19.png
, id=1853, 1442.38875pt x 1071.00125pt>
File: /Users/rudiks/Desktop/AVR - penúltima/Screen Shot 2021-05-29 at 21.51.1
9.png Graphic file (type png)
<use /Users/rudiks/Desktop/AVR - penúltima/Screen Shot 2021-05-29 at 21.51.19
.png>
Package pdftex.def Info: /Users/rudiks/Desktop/AVR - penúltima/Screen Shot 20
21-05-29 at 21.51.19.png  used on input line 81.
(pdftex.def)             Requested size: 364.19536pt x 270.41342pt.
 [68

 </Users/rudiks/Desktop/AVR - penúltima/Screen Shot 2021-05-29 at 21.51.19.pn
g>]
</Users/rudiks/Desktop/AVR - penúltima/Screen Shot 2021-05-29 at 21.51.36.png
, id=1879, 1433.355pt x 1065.9825pt>
File: /Users/rudiks/Desktop/AVR - penúltima/Screen Shot 2021-05-29 at 21.51.3
6.png Graphic file (type png)
<use /Users/rudiks/Desktop/AVR - penúltima/Screen Shot 2021-05-29 at 21.51.36
.png>
Package pdftex.def Info: /Users/rudiks/Desktop/AVR - penúltima/Screen Shot 20
21-05-29 at 21.51.36.png  used on input line 82.
(pdftex.def)             Requested size: 364.19536pt x 270.83788pt.
 [69

 </Users/rudiks/Desktop/AVR - penúltima/Screen Shot 2021-05-29 at 21.51.36.pn
g>]
\tf@nav=\write6
\openout6 = `template_Beamer.nav'.

\tf@toc=\write7
\openout7 = `template_Beamer.toc'.

\tf@snm=\write8
\openout8 = `template_Beamer.snm'.

 (./template_Beamer.aux)
Package rerunfilecheck Info: File `template_Beamer.out' has not changed.
(rerunfilecheck)             Checksum: D41D8CD98F00B204E9800998ECF8427E;0.
 ) 
Here is how much of TeX's memory you used:
 20868 strings out of 478994
 405705 string characters out of 5858184
 661984 words of memory out of 5000000
 37732 multiletter control sequences out of 15000+600000
 404942 words of font info for 32 fonts, out of 8000000 for 9000
 1141 hyphenation exceptions out of 8191
 131i,10n,132p,437b,515s stack positions out of 5000i,500n,10000p,200000b,80000s
</usr/local/texlive/2021/texmf-dist/fonts/type1/public/amsfonts/cm/cmss10.pfb
></usr/local/texlive/2021/texmf-dist/fonts/type1/public/amsfonts/cm/cmss12.pfb>

Output written on template_Beamer.pdf (69 pages, 69873343 bytes).
PDF statistics:
 1947 PDF objects out of 2073 (max. 8388607)
 1714 compressed objects within 18 object streams
 139 named destinations out of 1000 (max. 500000)
 383 words of extra memory for PDF output out of 10000 (max. 10000000)

